[2021-6-28 23:47:23] -PID=>6308- [INFO {6308] __CONFIG module was initialize
[2021-6-28 23:47:23] -PID=>12216- [INFO {12216] __CONFIG module was initialize
[2021-6-28 23:47:23] -PID=>10096- [INFO {10096] __CONFIG module was initialize
[2021-6-28 23:47:23] -PID=>5356- [INFO {5356] __CONFIG module was initialize
[2021-6-28 23:47:23] -PID=>2600- [INFO {2600] __CONFIG module was initialize
[2021-6-28 23:47:51] -PID=>10768- [INFO {10768] __CONFIG module was initialize
[2021-6-28 23:47:52] -PID=>1836- [INFO {1836] __CONFIG module was initialize
[2021-6-28 23:47:52] -PID=>2420- [INFO {2420] __CONFIG module was initialize
[2021-6-28 23:47:52] -PID=>11364- [INFO {11364] __CONFIG module was initialize
[2021-6-28 23:47:52] -PID=>2360- [INFO {2360] __CONFIG module was initialize
[2021-6-28 23:47:58] -PID=>2532- [INFO {2532] __CONFIG module was initialize
[2021-6-28 23:47:58] -PID=>10956- [INFO {10956] __CONFIG module was initialize
[2021-6-28 23:47:58] -PID=>10824- [INFO {10824] __CONFIG module was initialize
[2021-6-28 23:47:58] -PID=>11612- [INFO {11612] __CONFIG module was initialize
[2021-6-28 23:47:58] -PID=>6332- [INFO {6332] __CONFIG module was initialize
[2021-6-28 23:48:38] -PID=>11488- [INFO {11488] __CONFIG module was initialize
[2021-6-28 23:48:39] -PID=>11784- [INFO {11784] __CONFIG module was initialize
[2021-6-28 23:48:39] -PID=>9716- [INFO {9716] __CONFIG module was initialize
[2021-6-28 23:48:39] -PID=>3024- [INFO {3024] __CONFIG module was initialize
[2021-6-28 23:48:38] -PID=>11136- [INFO {11136] __CONFIG module was initialize
[2021-6-28 23:48:55] -PID=>5516- [INFO {5516] [MODULE] => __CONFIG was initialize
[2021-6-28 23:48:56] -PID=>12244- [INFO {12244] [MODULE] => __CONFIG was initialize
[2021-6-28 23:48:56] -PID=>6200- [INFO {6200] [MODULE] => __CONFIG was initialize
[2021-6-28 23:48:56] -PID=>9936- [INFO {9936] [MODULE] => __CONFIG was initialize
[2021-6-28 23:48:56] -PID=>6620- [INFO {6620] [MODULE] => __CONFIG was initialize
[2021-6-28 23:49:3] -PID=>11592- [INFO {11592] [MODULE::__CONFIG] => was initialize
[2021-6-28 23:49:3] -PID=>10828- [INFO {10828] [MODULE::__CONFIG] => was initialize
[2021-6-28 23:49:3] -PID=>5860- [INFO {5860] [MODULE::__CONFIG] => was initialize
[2021-6-28 23:49:3] -PID=>5872- [INFO {5872] [MODULE::__CONFIG] => was initialize
[2021-6-28 23:49:3] -PID=>12180- [INFO {12180] [MODULE::__CONFIG] => was initialize
[2021-6-28 23:49:9] -PID=>11256- [INFO {11256] [MODULE::__CONFIG] => was initialize
[2021-6-28 23:49:9] -PID=>2960- [INFO {2960] [MODULE::__CONFIG] => was initialize
[2021-6-28 23:49:9] -PID=>10228- [INFO {10228] [MODULE::__CONFIG] => was initialize
[2021-6-28 23:49:9] -PID=>6072- [INFO {6072] [MODULE::__CONFIG] => was initialize
[2021-6-28 23:49:9] -PID=>11884- [INFO {11884] [MODULE::__CONFIG] => was initialize
[2021-6-28 23:49:19] -PID=>11124- [INFO {11124] [MODULE::__CONFIG] => was initialize
[2021-6-28 23:49:20] -PID=>11420- [INFO {11420] [MODULE::__CONFIG] => was initialize
[2021-6-28 23:49:20] -PID=>12260- [INFO {12260] [MODULE::__CONFIG] => was initialize
[2021-6-28 23:49:20] -PID=>2152- [INFO {2152] [MODULE::__CONFIG] => was initialize
[2021-6-28 23:49:20] -PID=>4112- [INFO {4112] [MODULE::__CONFIG] => was initialize
[2021-6-28 23:49:26] -PID=>9900- [INFO {9900] [MODULE::__CONFIG] => was initialize
[2021-6-28 23:49:26] -PID=>9616- [INFO {9616] [MODULE::__CONFIG] => was initialize
[2021-6-28 23:49:26] -PID=>10952- [INFO {10952] [MODULE::__CONFIG] => was initialize
[2021-6-28 23:49:26] -PID=>6212- [INFO {6212] [MODULE::__CONFIG] => was initialize
[2021-6-28 23:49:26] -PID=>9256- [INFO {9256] [MODULE::__CONFIG] => was initialize
[2021-6-28 23:49:45] -PID=>3088- [INFO {3088] [MODULE::__CONFIG] => was initialize
[2021-6-28 23:49:45] -PID=>11996- [INFO {11996] [MODULE::__CONFIG] => was initialize
[2021-6-28 23:49:45] -PID=>11624- [INFO {11624] [MODULE::__CONFIG] => was initialize
[2021-6-28 23:49:45] -PID=>2500- [INFO {2500] [MODULE::__CONFIG] => was initialize
[2021-6-28 23:49:45] -PID=>11368- [INFO {11368] [MODULE::__CONFIG] => was initialize
[2021-6-28 23:49:53] -PID=>9436- [INFO {9436] [MODULE::__CONFIG] => was initialize
[2021-6-28 23:49:53] -PID=>12092- [INFO {12092] [MODULE::__CONFIG] => was initialize
[2021-6-28 23:49:53] -PID=>5076- [INFO {5076] [MODULE::__CONFIG] => was initialize
[2021-6-28 23:49:53] -PID=>11652- [INFO {11652] [MODULE::__CONFIG] => was initialize
[2021-6-28 23:49:53] -PID=>4104- [INFO {4104] [MODULE::__CONFIG] => was initialize
[2021-6-28 23:50:9] -PID=>3964- [INFO {3964] [MODULE::__CONFIG] => was initialize
[2021-6-28 23:50:10] -PID=>9936- [INFO {9936] [MODULE::__CONFIG] => was initialize
[2021-6-28 23:50:10] -PID=>5392- [INFO {5392] [MODULE::__CONFIG] => was initialize
[2021-6-28 23:50:10] -PID=>11436- [INFO {11436] [MODULE::__CONFIG] => was initialize
[2021-6-28 23:50:10] -PID=>11052- [INFO {11052] [MODULE::__CONFIG] => was initialize
[2021-6-28 23:50:58] -PID=>9828- [INFO {9828] [MODULE::__CONFIG] => was initialize
[2021-6-28 23:50:58] -PID=>9828- [INFO {9828] [MODULE::ThreadControl] => Master ${process.pid} is running
[2021-6-28 23:50:58] -PID=>9828- [INFO {9828] [MODULE::ThreadControl] => worker is dead:
[2021-6-28 23:50:58] -PID=>9828- [INFO {9828] [MODULE::ThreadControl] => worker is dead:
[2021-6-28 23:50:58] -PID=>9828- [INFO {9828] [MODULE::ThreadControl] => worker is dead:
[2021-6-28 23:50:58] -PID=>9828- [INFO {9828] [MODULE::ThreadControl] => worker is dead:
[2021-6-28 23:50:59] -PID=>6916- [INFO {6916] [MODULE::__CONFIG] => was initialize
[2021-6-28 23:50:59] -PID=>12064- [INFO {12064] [MODULE::__CONFIG] => was initialize
[2021-6-28 23:50:59] -PID=>9888- [INFO {9888] [MODULE::__CONFIG] => was initialize
[2021-6-28 23:50:59] -PID=>11396- [INFO {11396] [MODULE::__CONFIG] => was initialize
[2021-6-28 23:51:30] -PID=>3968- [INFO {3968] [MODULE::__CONFIG] => was initialize
[2021-6-28 23:51:30] -PID=>3968- [INFO {3968] [MODULE::ThreadControl] => Master ${process.pid} is running
[2021-6-28 23:51:30] -PID=>3968- [INFO {3968] [MODULE::ThreadControl] => worker is dead:
[2021-6-28 23:51:30] -PID=>3968- [INFO {3968] [MODULE::ThreadControl] => worker is dead:
[2021-6-28 23:51:30] -PID=>3968- [INFO {3968] [MODULE::ThreadControl] => worker is dead:
[2021-6-28 23:51:30] -PID=>3968- [INFO {3968] [MODULE::ThreadControl] => worker is dead:
[2021-6-28 23:51:31] -PID=>1252- [INFO {1252] [MODULE::__CONFIG] => was initialize
[2021-6-28 23:51:31] -PID=>1880- [INFO {1880] [MODULE::__CONFIG] => was initialize
[2021-6-28 23:51:31] -PID=>4072- [INFO {4072] [MODULE::__CONFIG] => was initialize
[2021-6-28 23:51:31] -PID=>10172- [INFO {10172] [MODULE::__CONFIG] => was initialize
[2021-6-28 23:51:50] -PID=>10576- [INFO {10576] [MODULE::__CONFIG] => was initialize
[2021-6-28 23:51:50] -PID=>10576- [INFO {10576] [MODULE::ThreadControl] => Master ${process.pid} is running
[2021-6-28 23:51:50] -PID=>10576- [INFO {10576] [MODULE::ThreadControl] => worker is dead: false
[2021-6-28 23:51:50] -PID=>10576- [INFO {10576] [MODULE::ThreadControl] => worker is dead: false
[2021-6-28 23:51:50] -PID=>10576- [INFO {10576] [MODULE::ThreadControl] => worker is dead: false
[2021-6-28 23:51:50] -PID=>10576- [INFO {10576] [MODULE::ThreadControl] => worker is dead: false
[2021-6-28 23:51:50] -PID=>6788- [INFO {6788] [MODULE::__CONFIG] => was initialize
[2021-6-28 23:51:50] -PID=>7384- [INFO {7384] [MODULE::__CONFIG] => was initialize
[2021-6-28 23:51:50] -PID=>9240- [INFO {9240] [MODULE::__CONFIG] => was initialize
[2021-6-28 23:51:50] -PID=>5584- [INFO {5584] [MODULE::__CONFIG] => was initialize
[2021-6-28 23:51:56] -PID=>8040- [INFO {8040] [MODULE::__CONFIG] => was initialize
[2021-6-28 23:51:56] -PID=>8040- [INFO {8040] [MODULE::ThreadControl] => Master 8040 is running
[2021-6-28 23:51:56] -PID=>8040- [INFO {8040] [MODULE::ThreadControl] => worker is dead: false
[2021-6-28 23:51:56] -PID=>8040- [INFO {8040] [MODULE::ThreadControl] => worker is dead: false
[2021-6-28 23:51:56] -PID=>8040- [INFO {8040] [MODULE::ThreadControl] => worker is dead: false
[2021-6-28 23:51:56] -PID=>8040- [INFO {8040] [MODULE::ThreadControl] => worker is dead: false
[2021-6-28 23:51:57] -PID=>11400- [INFO {11400] [MODULE::__CONFIG] => was initialize
[2021-6-28 23:51:57] -PID=>3840- [INFO {3840] [MODULE::__CONFIG] => was initialize
[2021-6-28 23:51:57] -PID=>11416- [INFO {11416] [MODULE::__CONFIG] => was initialize
[2021-6-28 23:51:57] -PID=>8544- [INFO {8544] [MODULE::__CONFIG] => was initialize
[2021-6-28 23:52:1] -PID=>2540- [INFO {2540] [MODULE::__CONFIG] => was initialize
[2021-6-28 23:52:1] -PID=>2540- [INFO {2540] [MODULE::ThreadControl] => Master 2540 is running
[2021-6-28 23:52:1] -PID=>2540- [INFO {2540] [MODULE::ThreadControl] => worker is dead: false
[2021-6-28 23:52:1] -PID=>2540- [INFO {2540] [MODULE::ThreadControl] => worker is dead: false
[2021-6-28 23:52:1] -PID=>2540- [INFO {2540] [MODULE::ThreadControl] => worker is dead: false
[2021-6-28 23:52:1] -PID=>2540- [INFO {2540] [MODULE::ThreadControl] => worker is dead: false
[2021-6-28 23:52:1] -PID=>1832- [INFO {1832] [MODULE::__CONFIG] => was initialize
[2021-6-28 23:52:1] -PID=>4392- [INFO {4392] [MODULE::__CONFIG] => was initialize
[2021-6-28 23:52:1] -PID=>3736- [INFO {3736] [MODULE::__CONFIG] => was initialize
[2021-6-28 23:52:1] -PID=>11276- [INFO {11276] [MODULE::__CONFIG] => was initialize
[2021-6-28 23:52:6] -PID=>3020- [INFO {3020] [MODULE::__CONFIG] => was initialize
[2021-6-28 23:52:6] -PID=>3020- [INFO {3020] [MODULE::ThreadControl] => Master 3020 is running
[2021-6-28 23:52:6] -PID=>3020- [INFO {3020] [MODULE::ThreadControl] => worker is dead: false
[2021-6-28 23:52:6] -PID=>3020- [INFO {3020] [MODULE::ThreadControl] => worker is dead: false
[2021-6-28 23:52:6] -PID=>3020- [INFO {3020] [MODULE::ThreadControl] => worker is dead: false
[2021-6-28 23:52:6] -PID=>3020- [INFO {3020] [MODULE::ThreadControl] => worker is dead: false
[2021-6-28 23:52:7] -PID=>4316- [INFO {4316] [MODULE::__CONFIG] => was initialize
[2021-6-28 23:52:7] -PID=>10976- [INFO {10976] [MODULE::__CONFIG] => was initialize
[2021-6-28 23:52:7] -PID=>7336- [INFO {7336] [MODULE::__CONFIG] => was initialize
[2021-6-28 23:52:7] -PID=>9788- [INFO {9788] [MODULE::__CONFIG] => was initialize
[2021-6-28 23:52:21] -PID=>10572- [INFO {10572] [MODULE::__CONFIG] => was initialize
[2021-6-28 23:52:21] -PID=>10572- [INFO {10572] [MODULE::ThreadControl] => Master 10572 is running
[2021-6-28 23:52:21] -PID=>10572- [INFO {10572] [MODULE::ThreadControl] => worker is dead: false
[2021-6-28 23:52:21] -PID=>10572- [INFO {10572] [MODULE::ThreadControl] => worker is dead: false
[2021-6-28 23:52:21] -PID=>10572- [INFO {10572] [MODULE::ThreadControl] => worker is dead: false
[2021-6-28 23:52:21] -PID=>10572- [INFO {10572] [MODULE::ThreadControl] => worker is dead: false
[2021-6-28 23:52:22] -PID=>11052- [INFO {11052] [MODULE::__CONFIG] => was initialize
[2021-6-28 23:52:22] -PID=>592- [INFO {592] [MODULE::__CONFIG] => was initialize
[2021-6-28 23:52:22] -PID=>6236- [INFO {6236] [MODULE::__CONFIG] => was initialize
[2021-6-28 23:52:22] -PID=>11056- [INFO {11056] [MODULE::__CONFIG] => was initialize
[2021-6-28 23:52:24] -PID=>8868- [INFO {8868] [MODULE::__CONFIG] => was initialize
[2021-6-28 23:52:24] -PID=>8868- [INFO {8868] [MODULE::ThreadControl] => Master 8868 is running
[2021-6-28 23:52:24] -PID=>8868- [INFO {8868] [MODULE::ThreadControl] => worker is dead: false
[2021-6-28 23:52:24] -PID=>8868- [INFO {8868] [MODULE::ThreadControl] => worker is dead: false
[2021-6-28 23:52:24] -PID=>8868- [INFO {8868] [MODULE::ThreadControl] => worker is dead: false
[2021-6-28 23:52:24] -PID=>8868- [INFO {8868] [MODULE::ThreadControl] => worker is dead: false
[2021-6-28 23:52:24] -PID=>2972- [INFO {2972] [MODULE::__CONFIG] => was initialize
[2021-6-28 23:52:24] -PID=>3808- [INFO {3808] [MODULE::__CONFIG] => was initialize
[2021-6-28 23:52:24] -PID=>4340- [INFO {4340] [MODULE::__CONFIG] => was initialize
[2021-6-28 23:52:24] -PID=>11424- [INFO {11424] [MODULE::__CONFIG] => was initialize
[2021-6-28 23:52:47] -PID=>3852- [INFO {3852] [MODULE::__CONFIG] => was initialize
[2021-6-28 23:52:47] -PID=>3852- [INFO {3852] [MODULE::ThreadControl] => Master 3852 is running
[2021-6-28 23:52:47] -PID=>3852- [INFO {3852] [MODULE::ThreadControl] => worker is dead: false
[2021-6-28 23:52:47] -PID=>3852- [INFO {3852] [MODULE::ThreadControl] => worker is dead: false
[2021-6-28 23:52:47] -PID=>3852- [INFO {3852] [MODULE::ThreadControl] => worker is dead: false
[2021-6-28 23:52:47] -PID=>3852- [INFO {3852] [MODULE::ThreadControl] => worker is dead: false
[2021-6-28 23:52:48] -PID=>10952- [INFO {10952] [MODULE::__CONFIG] => was initialize
[2021-6-28 23:52:48] -PID=>10952- [INFO {10952] [MODULE::ThreadControl] => Worker 10952 started
[2021-6-28 23:52:48] -PID=>424- [INFO {424] [MODULE::__CONFIG] => was initialize
[2021-6-28 23:52:48] -PID=>424- [INFO {424] [MODULE::ThreadControl] => Worker 424 started
[2021-6-28 23:52:48] -PID=>7184- [INFO {7184] [MODULE::__CONFIG] => was initialize
[2021-6-28 23:52:48] -PID=>7184- [INFO {7184] [MODULE::ThreadControl] => Worker 7184 started
[2021-6-28 23:52:48] -PID=>8064- [INFO {8064] [MODULE::__CONFIG] => was initialize
[2021-6-28 23:52:48] -PID=>8064- [INFO {8064] [MODULE::ThreadControl] => Worker 8064 started
[2021-6-28 23:52:50] -PID=>12188- [INFO {12188] [MODULE::__CONFIG] => was initialize
[2021-6-28 23:52:50] -PID=>12188- [INFO {12188] [MODULE::ThreadControl] => Master 12188 is running
[2021-6-28 23:52:50] -PID=>12188- [INFO {12188] [MODULE::ThreadControl] => worker is dead: false
[2021-6-28 23:52:50] -PID=>12188- [INFO {12188] [MODULE::ThreadControl] => worker is dead: false
[2021-6-28 23:52:50] -PID=>12188- [INFO {12188] [MODULE::ThreadControl] => worker is dead: false
[2021-6-28 23:52:50] -PID=>12188- [INFO {12188] [MODULE::ThreadControl] => worker is dead: false
[2021-6-28 23:52:50] -PID=>5976- [INFO {5976] [MODULE::__CONFIG] => was initialize
[2021-6-28 23:52:50] -PID=>5976- [INFO {5976] [MODULE::ThreadControl] => Worker 5976 started
[2021-6-28 23:52:50] -PID=>3888- [INFO {3888] [MODULE::__CONFIG] => was initialize
[2021-6-28 23:52:50] -PID=>3888- [INFO {3888] [MODULE::ThreadControl] => Worker 3888 started
[2021-6-28 23:52:50] -PID=>6936- [INFO {6936] [MODULE::__CONFIG] => was initialize
[2021-6-28 23:52:50] -PID=>6936- [INFO {6936] [MODULE::ThreadControl] => Worker 6936 started
[2021-6-28 23:52:50] -PID=>5104- [INFO {5104] [MODULE::__CONFIG] => was initialize
[2021-6-28 23:52:50] -PID=>5104- [INFO {5104] [MODULE::ThreadControl] => Worker 5104 started
[2021-6-28 23:53:4] -PID=>7248- [INFO {7248] [MODULE::__CONFIG] => was initialize
[2021-6-28 23:53:4] -PID=>7248- [INFO {7248] [MODULE::ThreadControl] => Master 7248 is running
[2021-6-28 23:53:5] -PID=>11400- [INFO {11400] [MODULE::__CONFIG] => was initialize
[2021-6-28 23:53:5] -PID=>11400- [INFO {11400] [MODULE::ThreadControl] => Worker 11400 started
[2021-6-28 23:53:5] -PID=>6048- [INFO {6048] [MODULE::__CONFIG] => was initialize
[2021-6-28 23:53:5] -PID=>6048- [INFO {6048] [MODULE::ThreadControl] => Worker 6048 started
[2021-6-28 23:53:5] -PID=>1348- [INFO {1348] [MODULE::__CONFIG] => was initialize
[2021-6-28 23:53:5] -PID=>1348- [INFO {1348] [MODULE::ThreadControl] => Worker 1348 started
[2021-6-28 23:53:5] -PID=>7916- [INFO {7916] [MODULE::__CONFIG] => was initialize
[2021-6-28 23:53:5] -PID=>7916- [INFO {7916] [MODULE::ThreadControl] => Worker 7916 started
[2021-6-28 23:54:10] -PID=>2244- [INFO {2244] [MODULE::__CONFIG] => was initialize
[2021-6-28 23:54:10] -PID=>2244- [INFO {2244] [MODULE::ThreadControl] => Master 2244 is running
[2021-6-28 23:54:10] -PID=>6328- [INFO {6328] [MODULE::__CONFIG] => was initialize
[2021-6-28 23:54:10] -PID=>6328- [INFO {6328] [MODULE::ThreadControl] => Worker 6328 started
[2021-6-28 23:54:10] -PID=>8652- [INFO {8652] [MODULE::__CONFIG] => was initialize
[2021-6-28 23:54:10] -PID=>8652- [INFO {8652] [MODULE::ThreadControl] => Worker 8652 started
[2021-6-28 23:54:10] -PID=>12284- [INFO {12284] [MODULE::__CONFIG] => was initialize
[2021-6-28 23:54:10] -PID=>12284- [INFO {12284] [MODULE::ThreadControl] => Worker 12284 started
[2021-6-28 23:54:10] -PID=>4884- [INFO {4884] [MODULE::__CONFIG] => was initialize
[2021-6-28 23:54:10] -PID=>4884- [INFO {4884] [MODULE::ThreadControl] => Worker 4884 started
[2021-6-28 23:55:43] -PID=>12096- [INFO {12096] [MODULE::__CONFIG] => was initialize
[2021-6-28 23:55:43] -PID=>12096- [INFO {12096] [MODULE::ThreadControl] => Master 12096 is running
[2021-6-28 23:55:43] -PID=>11028- [INFO {11028] [MODULE::__CONFIG] => was initialize
[2021-6-28 23:55:43] -PID=>11028- [INFO {11028] [MODULE::ThreadControl] => Worker 11028 started
[2021-6-28 23:55:43] -PID=>4084- [INFO {4084] [MODULE::__CONFIG] => was initialize
[2021-6-28 23:55:43] -PID=>4084- [INFO {4084] [MODULE::ThreadControl] => Worker 4084 started
[2021-6-28 23:55:43] -PID=>1880- [INFO {1880] [MODULE::__CONFIG] => was initialize
[2021-6-28 23:55:43] -PID=>1880- [INFO {1880] [MODULE::ThreadControl] => Worker 1880 started
[2021-6-28 23:55:43] -PID=>1436- [INFO {1436] [MODULE::__CONFIG] => was initialize
[2021-6-28 23:55:43] -PID=>1436- [INFO {1436] [MODULE::ThreadControl] => Worker 1436 started
[2021-6-28 23:56:9] -PID=>1828- [INFO {1828] [MODULE::__CONFIG] => was initialize
[2021-6-28 23:56:9] -PID=>1828- [INFO {1828] [MODULE::ThreadControl] => Master 1828 is running
[2021-6-28 23:56:9] -PID=>6624- [INFO {6624] [MODULE::__CONFIG] => was initialize
[2021-6-28 23:56:9] -PID=>6624- [INFO {6624] [MODULE::ThreadControl] => Worker 6624 started
[2021-6-28 23:56:9] -PID=>11584- [INFO {11584] [MODULE::__CONFIG] => was initialize
[2021-6-28 23:56:9] -PID=>11584- [INFO {11584] [MODULE::ThreadControl] => Worker 11584 started
[2021-6-28 23:56:9] -PID=>7776- [INFO {7776] [MODULE::__CONFIG] => was initialize
[2021-6-28 23:56:9] -PID=>7776- [INFO {7776] [MODULE::ThreadControl] => Worker 7776 started
[2021-6-28 23:56:9] -PID=>4392- [INFO {4392] [MODULE::__CONFIG] => was initialize
[2021-6-28 23:56:9] -PID=>4392- [INFO {4392] [MODULE::ThreadControl] => Worker 4392 started
[2021-6-28 23:56:9] -PID=>1828- [INFO {1828] [MODULE::ThreadControl] => worker is dead true
[2021-6-28 23:56:9] -PID=>1828- [INFO {1828] [MODULE::ThreadControl] => worker is dead true
[2021-6-28 23:56:15] -PID=>11644- [INFO {11644] [MODULE::__CONFIG] => was initialize
[2021-6-28 23:56:15] -PID=>11644- [INFO {11644] [MODULE::ThreadControl] => Master 11644 is running
[2021-6-28 23:56:16] -PID=>8088- [INFO {8088] [MODULE::__CONFIG] => was initialize
[2021-6-28 23:56:16] -PID=>8088- [INFO {8088] [MODULE::ThreadControl] => Worker 8088 started
[2021-6-28 23:56:16] -PID=>3732- [INFO {3732] [MODULE::__CONFIG] => was initialize
[2021-6-28 23:56:16] -PID=>3732- [INFO {3732] [MODULE::ThreadControl] => Worker 3732 started
[2021-6-28 23:56:16] -PID=>4560- [INFO {4560] [MODULE::__CONFIG] => was initialize
[2021-6-28 23:56:16] -PID=>4560- [INFO {4560] [MODULE::ThreadControl] => Worker 4560 started
[2021-6-28 23:56:16] -PID=>6668- [INFO {6668] [MODULE::__CONFIG] => was initialize
[2021-6-28 23:56:16] -PID=>6668- [INFO {6668] [MODULE::ThreadControl] => Worker 6668 started
[2021-6-28 23:56:41] -PID=>5920- [INFO {5920] [MODULE::__CONFIG] => was initialize
[2021-6-28 23:56:41] -PID=>5920- [INFO {5920] [MODULE::ThreadControl] => Master 5920 is running
[2021-6-28 23:56:41] -PID=>10908- [INFO {10908] [MODULE::__CONFIG] => was initialize
[2021-6-28 23:56:41] -PID=>10908- [INFO {10908] [MODULE::ThreadControl] => Worker 10908 started
[2021-6-28 23:56:41] -PID=>3332- [INFO {3332] [MODULE::__CONFIG] => was initialize
[2021-6-28 23:56:41] -PID=>3332- [INFO {3332] [MODULE::ThreadControl] => Worker 3332 started
[2021-6-28 23:56:41] -PID=>9828- [INFO {9828] [MODULE::__CONFIG] => was initialize
[2021-6-28 23:56:41] -PID=>9828- [INFO {9828] [MODULE::ThreadControl] => Worker 9828 started
[2021-6-28 23:56:41] -PID=>4680- [INFO {4680] [MODULE::__CONFIG] => was initialize
[2021-6-28 23:56:41] -PID=>4680- [INFO {4680] [MODULE::ThreadControl] => Worker 4680 started
[2021-6-28 23:56:47] -PID=>8840- [INFO {8840] [MODULE::__CONFIG] => was initialize
[2021-6-28 23:56:47] -PID=>8840- [INFO {8840] [MODULE::ThreadControl] => Master 8840 is running
[2021-6-28 23:56:48] -PID=>11052- [INFO {11052] [MODULE::__CONFIG] => was initialize
[2021-6-28 23:56:48] -PID=>11052- [INFO {11052] [MODULE::ThreadControl] => Worker 11052 started
[2021-6-28 23:56:48] -PID=>1908- [INFO {1908] [MODULE::__CONFIG] => was initialize
[2021-6-28 23:56:48] -PID=>1908- [INFO {1908] [MODULE::ThreadControl] => Worker 1908 started
[2021-6-28 23:56:48] -PID=>6200- [INFO {6200] [MODULE::__CONFIG] => was initialize
[2021-6-28 23:56:48] -PID=>6200- [INFO {6200] [MODULE::ThreadControl] => Worker 6200 started
[2021-6-28 23:56:48] -PID=>6172- [INFO {6172] [MODULE::__CONFIG] => was initialize
[2021-6-28 23:56:48] -PID=>6172- [INFO {6172] [MODULE::ThreadControl] => Worker 6172 started
[2021-6-28 23:56:47] -PID=>8840- [INFO {8840] [MODULE::ThreadControl] => worker is dead true
[2021-6-28 23:56:47] -PID=>8840- [INFO {8840] [MODULE::ThreadControl] => worker is dead true
[2021-6-28 23:56:47] -PID=>8840- [INFO {8840] [MODULE::ThreadControl] => worker is dead true
[2021-6-28 23:56:47] -PID=>8840- [INFO {8840] [MODULE::ThreadControl] => worker is dead true
[2021-6-28 23:56:59] -PID=>5656- [INFO {5656] [MODULE::__CONFIG] => was initialize
[2021-6-28 23:56:59] -PID=>5656- [INFO {5656] [MODULE::ThreadControl] => Master 5656 is running
[2021-6-28 23:56:59] -PID=>4696- [INFO {4696] [MODULE::__CONFIG] => was initialize
[2021-6-28 23:56:59] -PID=>4696- [INFO {4696] [MODULE::ThreadControl] => Worker 4696 started
[2021-6-28 23:56:59] -PID=>2536- [INFO {2536] [MODULE::__CONFIG] => was initialize
[2021-6-28 23:56:59] -PID=>2536- [INFO {2536] [MODULE::ThreadControl] => Worker 2536 started
[2021-6-28 23:56:59] -PID=>12220- [INFO {12220] [MODULE::__CONFIG] => was initialize
[2021-6-28 23:56:59] -PID=>12220- [INFO {12220] [MODULE::ThreadControl] => Worker 12220 started
[2021-6-28 23:56:59] -PID=>10728- [INFO {10728] [MODULE::__CONFIG] => was initialize
[2021-6-28 23:56:59] -PID=>10728- [INFO {10728] [MODULE::ThreadControl] => Worker 10728 started
[2021-6-28 23:57:17] -PID=>8668- [INFO {8668] [MODULE::__CONFIG] => was initialize
[2021-6-28 23:57:17] -PID=>8668- [INFO {8668] [MODULE::ThreadControl] => Master 8668 is running
[2021-6-28 23:57:17] -PID=>10492- [INFO {10492] [MODULE::__CONFIG] => was initialize
[2021-6-28 23:57:17] -PID=>10492- [INFO {10492] [MODULE::ThreadControl] => Worker 10492 started
[2021-6-28 23:57:17] -PID=>8264- [INFO {8264] [MODULE::__CONFIG] => was initialize
[2021-6-28 23:57:17] -PID=>8264- [INFO {8264] [MODULE::ThreadControl] => Worker 8264 started
[2021-6-28 23:57:17] -PID=>11792- [INFO {11792] [MODULE::__CONFIG] => was initialize
[2021-6-28 23:57:17] -PID=>11792- [INFO {11792] [MODULE::ThreadControl] => Worker 11792 started
[2021-6-28 23:57:17] -PID=>7024- [INFO {7024] [MODULE::__CONFIG] => was initialize
[2021-6-28 23:57:17] -PID=>7024- [INFO {7024] [MODULE::ThreadControl] => Worker 7024 started
[2021-6-28 23:57:24] -PID=>6908- [INFO {6908] [MODULE::__CONFIG] => was initialize
[2021-6-28 23:57:24] -PID=>6908- [INFO {6908] [MODULE::ThreadControl] => Master 6908 is running
[2021-6-28 23:57:24] -PID=>11316- [INFO {11316] [MODULE::__CONFIG] => was initialize
[2021-6-28 23:57:24] -PID=>11316- [INFO {11316] [MODULE::ThreadControl] => Worker 11316 started
[2021-6-28 23:57:24] -PID=>11856- [INFO {11856] [MODULE::__CONFIG] => was initialize
[2021-6-28 23:57:24] -PID=>11856- [INFO {11856] [MODULE::ThreadControl] => Worker 11856 started
[2021-6-28 23:57:24] -PID=>3140- [INFO {3140] [MODULE::__CONFIG] => was initialize
[2021-6-28 23:57:24] -PID=>3140- [INFO {3140] [MODULE::ThreadControl] => Worker 3140 started
[2021-6-28 23:57:24] -PID=>2760- [INFO {2760] [MODULE::__CONFIG] => was initialize
[2021-6-28 23:57:24] -PID=>2760- [INFO {2760] [MODULE::ThreadControl] => Worker 2760 started
[2021-6-28 23:57:36] -PID=>8676- [INFO {8676] [MODULE::__CONFIG] => was initialize
[2021-6-28 23:57:36] -PID=>8676- [INFO {8676] [MODULE::ThreadControl] => Master 8676 is running
[2021-6-28 23:57:36] -PID=>1196- [INFO {1196] [MODULE::__CONFIG] => was initialize
[2021-6-28 23:57:36] -PID=>1196- [INFO {1196] [MODULE::ThreadControl] => Worker 1196 started
[2021-6-28 23:57:36] -PID=>7616- [INFO {7616] [MODULE::__CONFIG] => was initialize
[2021-6-28 23:57:36] -PID=>7616- [INFO {7616] [MODULE::ThreadControl] => Worker 7616 started
[2021-6-28 23:57:36] -PID=>8308- [INFO {8308] [MODULE::__CONFIG] => was initialize
[2021-6-28 23:57:36] -PID=>8308- [INFO {8308] [MODULE::ThreadControl] => Worker 8308 started
[2021-6-28 23:57:36] -PID=>6916- [INFO {6916] [MODULE::__CONFIG] => was initialize
[2021-6-28 23:57:36] -PID=>6916- [INFO {6916] [MODULE::ThreadControl] => Worker 6916 started
[2021-6-28 23:58:22] -PID=>2144- [INFO {2144] [MODULE::__CONFIG] => was initialize
[2021-6-28 23:58:22] -PID=>2144- [INFO {2144] [MODULE::ThreadControl] => Master 2144 is running
[2021-6-28 23:58:22] -PID=>7576- [INFO {7576] [MODULE::__CONFIG] => was initialize
[2021-6-28 23:58:22] -PID=>7576- [INFO {7576] [MODULE::ThreadControl] => Worker 7576 started
[2021-6-28 23:58:22] -PID=>11824- [INFO {11824] [MODULE::__CONFIG] => was initialize
[2021-6-28 23:58:22] -PID=>11824- [INFO {11824] [MODULE::ThreadControl] => Worker 11824 started
[2021-6-28 23:58:22] -PID=>10104- [INFO {10104] [MODULE::__CONFIG] => was initialize
[2021-6-28 23:58:22] -PID=>10104- [INFO {10104] [MODULE::ThreadControl] => Worker 10104 started
[2021-6-28 23:58:23] -PID=>11460- [INFO {11460] [MODULE::__CONFIG] => was initialize
[2021-6-28 23:58:23] -PID=>11460- [INFO {11460] [MODULE::ThreadControl] => Worker 11460 started
[2021-6-28 23:58:37] -PID=>10232- [INFO {10232] [MODULE::__CONFIG] => was initialize
[2021-6-28 23:58:37] -PID=>10232- [INFO {10232] [MODULE::ThreadControl] => Master 10232 is running
[2021-6-28 23:58:38] -PID=>1660- [INFO {1660] [MODULE::__CONFIG] => was initialize
[2021-6-28 23:58:38] -PID=>1660- [INFO {1660] [MODULE::ThreadControl] => Worker 1660 started
[2021-6-28 23:58:38] -PID=>8112- [INFO {8112] [MODULE::__CONFIG] => was initialize
[2021-6-28 23:58:38] -PID=>8112- [INFO {8112] [MODULE::ThreadControl] => Worker 8112 started
[2021-6-28 23:58:38] -PID=>4368- [INFO {4368] [MODULE::__CONFIG] => was initialize
[2021-6-28 23:58:38] -PID=>4368- [INFO {4368] [MODULE::ThreadControl] => Worker 4368 started
[2021-6-28 23:58:38] -PID=>9720- [INFO {9720] [MODULE::__CONFIG] => was initialize
[2021-6-28 23:58:38] -PID=>9720- [INFO {9720] [MODULE::ThreadControl] => Worker 9720 started
[2021-6-28 23:58:41] -PID=>10556- [INFO {10556] [MODULE::__CONFIG] => was initialize
[2021-6-28 23:58:41] -PID=>10556- [INFO {10556] [MODULE::ThreadControl] => Master 10556 is running
[2021-6-28 23:58:41] -PID=>11948- [INFO {11948] [MODULE::__CONFIG] => was initialize
[2021-6-28 23:58:41] -PID=>11948- [INFO {11948] [MODULE::ThreadControl] => Worker 11948 started
[2021-6-28 23:58:41] -PID=>720- [INFO {720] [MODULE::__CONFIG] => was initialize
[2021-6-28 23:58:41] -PID=>720- [INFO {720] [MODULE::ThreadControl] => Worker 720 started
[2021-6-28 23:58:42] -PID=>6620- [INFO {6620] [MODULE::__CONFIG] => was initialize
[2021-6-28 23:58:42] -PID=>6620- [INFO {6620] [MODULE::ThreadControl] => Worker 6620 started
[2021-6-28 23:58:42] -PID=>5532- [INFO {5532] [MODULE::__CONFIG] => was initialize
[2021-6-28 23:58:42] -PID=>5532- [INFO {5532] [MODULE::ThreadControl] => Worker 5532 started
[2021-6-28 23:59:31] -PID=>912- [INFO {912] [MODULE::__CONFIG] => was initialize
[2021-6-28 23:59:31] -PID=>912- [INFO {912] [MODULE::ThreadControl] => Master 912 is running
[2021-6-28 23:59:31] -PID=>3976- [INFO {3976] [MODULE::__CONFIG] => was initialize
[2021-6-28 23:59:31] -PID=>3976- [INFO {3976] [MODULE::ThreadControl] => Worker 3976 started
[2021-6-28 23:59:31] -PID=>11608- [INFO {11608] [MODULE::__CONFIG] => was initialize
[2021-6-28 23:59:31] -PID=>11608- [INFO {11608] [MODULE::ThreadControl] => Worker 11608 started
[2021-6-28 23:59:31] -PID=>11744- [INFO {11744] [MODULE::__CONFIG] => was initialize
[2021-6-28 23:59:31] -PID=>11744- [INFO {11744] [MODULE::ThreadControl] => Worker 11744 started
[2021-6-28 23:59:31] -PID=>4344- [INFO {4344] [MODULE::__CONFIG] => was initialize
[2021-6-28 23:59:31] -PID=>4344- [INFO {4344] [MODULE::ThreadControl] => Worker 4344 started
[2021-6-28 23:59:37] -PID=>2160- [INFO {2160] [MODULE::__CONFIG] => was initialize
[2021-6-28 23:59:37] -PID=>2160- [INFO {2160] [MODULE::ThreadControl] => Master 2160 is running
[2021-6-28 23:59:37] -PID=>11004- [INFO {11004] [MODULE::__CONFIG] => was initialize
[2021-6-28 23:59:37] -PID=>11004- [INFO {11004] [MODULE::ThreadControl] => Worker 11004 started
[2021-6-28 23:59:37] -PID=>11944- [INFO {11944] [MODULE::__CONFIG] => was initialize
[2021-6-28 23:59:37] -PID=>11944- [INFO {11944] [MODULE::ThreadControl] => Worker 11944 started
[2021-6-28 23:59:38] -PID=>10856- [INFO {10856] [MODULE::__CONFIG] => was initialize
[2021-6-28 23:59:38] -PID=>10856- [INFO {10856] [MODULE::ThreadControl] => Worker 10856 started
[2021-6-28 23:59:38] -PID=>11440- [INFO {11440] [MODULE::ThreadControl] => Worker 11440 started
[2021-6-28 23:59:38] -PID=>11440- [INFO {11440] [MODULE::__CONFIG] => was initialize
[2021-6-28 23:59:47] -PID=>6980- [INFO {6980] [MODULE::__CONFIG] => was initialize
[2021-6-28 23:59:47] -PID=>6980- [INFO {6980] [MODULE::ThreadControl] => Master 6980 is running
[2021-6-28 23:59:48] -PID=>11952- [INFO {11952] [MODULE::__CONFIG] => was initialize
[2021-6-28 23:59:48] -PID=>11952- [INFO {11952] [MODULE::ThreadControl] => Worker 11952 started
[2021-6-28 23:59:48] -PID=>2036- [INFO {2036] [MODULE::__CONFIG] => was initialize
[2021-6-28 23:59:48] -PID=>2036- [INFO {2036] [MODULE::ThreadControl] => Worker 2036 started
[2021-6-28 23:59:48] -PID=>11108- [INFO {11108] [MODULE::__CONFIG] => was initialize
[2021-6-28 23:59:48] -PID=>11108- [INFO {11108] [MODULE::ThreadControl] => Worker 11108 started
[2021-6-28 23:59:48] -PID=>5580- [INFO {5580] [MODULE::__CONFIG] => was initialize
[2021-6-28 23:59:48] -PID=>5580- [INFO {5580] [MODULE::ThreadControl] => Worker 5580 started
[2021-6-28 23:59:53] -PID=>4208- [INFO {4208] [MODULE::__CONFIG] => was initialize
[2021-6-28 23:59:53] -PID=>4208- [INFO {4208] [MODULE::ThreadControl] => Master 4208 is running
[2021-6-28 23:59:53] -PID=>2708- [INFO {2708] [MODULE::__CONFIG] => was initialize
[2021-6-28 23:59:53] -PID=>2708- [INFO {2708] [MODULE::ThreadControl] => Worker 2708 started
[2021-6-28 23:59:53] -PID=>532- [INFO {532] [MODULE::__CONFIG] => was initialize
[2021-6-28 23:59:53] -PID=>532- [INFO {532] [MODULE::ThreadControl] => Worker 532 started
[2021-6-28 23:59:53] -PID=>11544- [INFO {11544] [MODULE::__CONFIG] => was initialize
[2021-6-28 23:59:53] -PID=>11544- [INFO {11544] [MODULE::ThreadControl] => Worker 11544 started
[2021-6-28 23:59:53] -PID=>6844- [INFO {6844] [MODULE::__CONFIG] => was initialize
[2021-6-28 23:59:53] -PID=>6844- [INFO {6844] [MODULE::ThreadControl] => Worker 6844 started
[2021-6-28 23:59:53] -PID=>4208- [INFO {4208] [MODULE::ThreadControl] => worker is dead true
[2021-6-28 23:59:53] -PID=>4208- [INFO {4208] [MODULE::ThreadControl] => worker is dead true
[2021-6-28 23:59:53] -PID=>4208- [INFO {4208] [MODULE::ThreadControl] => worker is dead true
[2021-6-28 23:59:53] -PID=>4208- [INFO {4208] [MODULE::ThreadControl] => worker is dead true
