[2021-7-6 0:0:0] -PID=>2352- [INFO {2352] [MODULE::__CONFIG] => was initialize
[2021-7-6 0:0:0] -PID=>2352- [INFO {2352] [MODULE::ThreadControl] => Master 2352 is running
[2021-7-6 0:0:0] -PID=>2352- [INFO {2352] [MODULE::ThreadControl] => worker is dead true
[2021-7-6 0:0:0] -PID=>2352- [INFO {2352] [MODULE::ThreadControl] => worker is dead true
[2021-7-6 0:0:0] -PID=>2352- [INFO {2352] [MODULE::ThreadControl] => worker is dead true
[2021-7-6 0:0:0] -PID=>2352- [INFO {2352] [MODULE::ThreadControl] => worker is dead true
[2021-7-6 0:0:20] -PID=>10892- [INFO {10892] [MODULE::__CONFIG] => was initialize
[2021-7-6 0:0:20] -PID=>10892- [INFO {10892] [MODULE::ThreadControl] => Master 10892 is running
[2021-7-6 0:0:20] -PID=>9948- [INFO {9948] [MODULE::__CONFIG] => was initialize
[2021-7-6 0:0:20] -PID=>9948- [INFO {9948] [MODULE::ThreadControl] => Worker 9948 started
[2021-7-6 0:0:20] -PID=>4136- [INFO {4136] [MODULE::__CONFIG] => was initialize
[2021-7-6 0:0:20] -PID=>1192- [INFO {1192] [MODULE::__CONFIG] => was initialize
[2021-7-6 0:0:20] -PID=>9168- [INFO {9168] [MODULE::__CONFIG] => was initialize
[2021-7-6 0:0:20] -PID=>9168- [INFO {9168] [MODULE::ThreadControl] => Worker 9168 started
[2021-7-6 0:0:20] -PID=>4136- [INFO {4136] [MODULE::ThreadControl] => Worker 4136 started
[2021-7-6 0:0:20] -PID=>1192- [INFO {1192] [MODULE::ThreadControl] => Worker 1192 started
[2021-7-6 0:0:27] -PID=>12336- [INFO {12336] [MODULE::__CONFIG] => was initialize
[2021-7-6 0:0:27] -PID=>12336- [INFO {12336] [MODULE::ThreadControl] => Master 12336 is running
[2021-7-6 0:0:27] -PID=>11700- [INFO {11700] [MODULE::__CONFIG] => was initialize
[2021-7-6 0:0:27] -PID=>11700- [INFO {11700] [MODULE::ThreadControl] => Worker 11700 started
[2021-7-6 0:0:27] -PID=>8256- [INFO {8256] [MODULE::__CONFIG] => was initialize
[2021-7-6 0:0:27] -PID=>8256- [INFO {8256] [MODULE::ThreadControl] => Worker 8256 started
[2021-7-6 0:0:27] -PID=>13448- [INFO {13448] [MODULE::__CONFIG] => was initialize
[2021-7-6 0:0:27] -PID=>13448- [INFO {13448] [MODULE::ThreadControl] => Worker 13448 started
[2021-7-6 0:0:27] -PID=>13676- [INFO {13676] [MODULE::__CONFIG] => was initialize
[2021-7-6 0:0:27] -PID=>13676- [INFO {13676] [MODULE::ThreadControl] => Worker 13676 started
[2021-7-6 0:0:41] -PID=>8108- [INFO {8108] [MODULE::__CONFIG] => was initialize
[2021-7-6 0:0:41] -PID=>8108- [INFO {8108] [MODULE::ThreadControl] => Master 8108 is running
[2021-7-6 0:0:42] -PID=>13964- [INFO {13964] [MODULE::__CONFIG] => was initialize
[2021-7-6 0:0:42] -PID=>13964- [INFO {13964] [MODULE::ThreadControl] => Worker 13964 started
[2021-7-6 0:0:42] -PID=>13224- [INFO {13224] [MODULE::__CONFIG] => was initialize
[2021-7-6 0:0:42] -PID=>13224- [INFO {13224] [MODULE::ThreadControl] => Worker 13224 started
[2021-7-6 0:0:42] -PID=>2080- [INFO {2080] [MODULE::__CONFIG] => was initialize
[2021-7-6 0:0:42] -PID=>2080- [INFO {2080] [MODULE::ThreadControl] => Worker 2080 started
[2021-7-6 0:0:42] -PID=>1528- [INFO {1528] [MODULE::__CONFIG] => was initialize
[2021-7-6 0:0:42] -PID=>1528- [INFO {1528] [MODULE::ThreadControl] => Worker 1528 started
[2021-7-6 0:0:41] -PID=>8108- [INFO {8108] [MODULE::ThreadControl] => worker is dead true
[2021-7-6 0:0:50] -PID=>8104- [INFO {8104] [MODULE::__CONFIG] => was initialize
[2021-7-6 0:0:50] -PID=>8104- [INFO {8104] [MODULE::ThreadControl] => Master 8104 is running
[2021-7-6 0:0:50] -PID=>3568- [INFO {3568] [MODULE::__CONFIG] => was initialize
[2021-7-6 0:0:50] -PID=>3568- [INFO {3568] [MODULE::ThreadControl] => Worker 3568 started
[2021-7-6 0:0:50] -PID=>14308- [INFO {14308] [MODULE::__CONFIG] => was initialize
[2021-7-6 0:0:50] -PID=>14308- [INFO {14308] [MODULE::ThreadControl] => Worker 14308 started
[2021-7-6 0:0:50] -PID=>9704- [INFO {9704] [MODULE::__CONFIG] => was initialize
[2021-7-6 0:0:50] -PID=>9704- [INFO {9704] [MODULE::ThreadControl] => Worker 9704 started
[2021-7-6 0:0:50] -PID=>6076- [INFO {6076] [MODULE::__CONFIG] => was initialize
[2021-7-6 0:0:50] -PID=>6076- [INFO {6076] [MODULE::ThreadControl] => Worker 6076 started
[2021-7-6 0:0:56] -PID=>9100- [INFO {9100] [MODULE::__CONFIG] => was initialize
[2021-7-6 0:0:56] -PID=>9100- [INFO {9100] [MODULE::ThreadControl] => Master 9100 is running
[2021-7-6 0:0:56] -PID=>13264- [INFO {13264] [MODULE::__CONFIG] => was initialize
[2021-7-6 0:0:56] -PID=>13264- [INFO {13264] [MODULE::ThreadControl] => Worker 13264 started
[2021-7-6 0:0:56] -PID=>1348- [INFO {1348] [MODULE::__CONFIG] => was initialize
[2021-7-6 0:0:56] -PID=>1348- [INFO {1348] [MODULE::ThreadControl] => Worker 1348 started
[2021-7-6 0:0:56] -PID=>9900- [INFO {9900] [MODULE::__CONFIG] => was initialize
[2021-7-6 0:0:56] -PID=>9900- [INFO {9900] [MODULE::ThreadControl] => Worker 9900 started
[2021-7-6 0:0:56] -PID=>12660- [INFO {12660] [MODULE::__CONFIG] => was initialize
[2021-7-6 0:0:56] -PID=>12660- [INFO {12660] [MODULE::ThreadControl] => Worker 12660 started
[2021-7-6 0:1:5] -PID=>6740- [INFO {6740] [MODULE::__CONFIG] => was initialize
[2021-7-6 0:1:5] -PID=>6740- [INFO {6740] [MODULE::ThreadControl] => Master 6740 is running
[2021-7-6 0:1:5] -PID=>6740- [INFO {6740] [MODULE::ThreadControl] => worker is dead true
[2021-7-6 0:1:5] -PID=>6740- [INFO {6740] [MODULE::ThreadControl] => worker is dead true
[2021-7-6 0:1:5] -PID=>6740- [INFO {6740] [MODULE::ThreadControl] => worker is dead true
[2021-7-6 0:1:5] -PID=>6740- [INFO {6740] [MODULE::ThreadControl] => worker is dead true
[2021-7-6 0:1:16] -PID=>12364- [INFO {12364] [MODULE::__CONFIG] => was initialize
[2021-7-6 0:1:16] -PID=>12364- [INFO {12364] [MODULE::ThreadControl] => Master 12364 is running
[2021-7-6 0:1:16] -PID=>9288- [INFO {9288] [MODULE::__CONFIG] => was initialize
[2021-7-6 0:1:16] -PID=>9288- [INFO {9288] [MODULE::ThreadControl] => Worker 9288 started
[2021-7-6 0:1:16] -PID=>12480- [INFO {12480] [MODULE::__CONFIG] => was initialize
[2021-7-6 0:1:16] -PID=>12480- [INFO {12480] [MODULE::ThreadControl] => Worker 12480 started
[2021-7-6 0:1:16] -PID=>13488- [INFO {13488] [MODULE::__CONFIG] => was initialize
[2021-7-6 0:1:16] -PID=>13488- [INFO {13488] [MODULE::ThreadControl] => Worker 13488 started
[2021-7-6 0:1:16] -PID=>13828- [INFO {13828] [MODULE::__CONFIG] => was initialize
[2021-7-6 0:1:16] -PID=>13828- [INFO {13828] [MODULE::ThreadControl] => Worker 13828 started
[2021-7-6 0:2:24] -PID=>14032- [INFO {14032] [MODULE::__CONFIG] => was initialize
[2021-7-6 0:2:24] -PID=>14032- [INFO {14032] [MODULE::ThreadControl] => Master 14032 is running
[2021-7-6 0:2:24] -PID=>4028- [INFO {4028] [MODULE::__CONFIG] => was initialize
[2021-7-6 0:2:24] -PID=>4028- [INFO {4028] [MODULE::ThreadControl] => Worker 4028 started
[2021-7-6 0:2:24] -PID=>12436- [INFO {12436] [MODULE::__CONFIG] => was initialize
[2021-7-6 0:2:24] -PID=>12436- [INFO {12436] [MODULE::ThreadControl] => Worker 12436 started
[2021-7-6 0:2:24] -PID=>4336- [INFO {4336] [MODULE::__CONFIG] => was initialize
[2021-7-6 0:2:24] -PID=>4336- [INFO {4336] [MODULE::ThreadControl] => Worker 4336 started
[2021-7-6 0:2:24] -PID=>4952- [INFO {4952] [MODULE::__CONFIG] => was initialize
[2021-7-6 0:2:24] -PID=>4952- [INFO {4952] [MODULE::ThreadControl] => Worker 4952 started
[2021-7-6 0:2:27] -PID=>1140- [INFO {1140] [MODULE::__CONFIG] => was initialize
[2021-7-6 0:2:27] -PID=>1140- [INFO {1140] [MODULE::ThreadControl] => Master 1140 is running
[2021-7-6 0:2:27] -PID=>11568- [INFO {11568] [MODULE::__CONFIG] => was initialize
[2021-7-6 0:2:27] -PID=>11568- [INFO {11568] [MODULE::ThreadControl] => Worker 11568 started
[2021-7-6 0:2:27] -PID=>4692- [INFO {4692] [MODULE::__CONFIG] => was initialize
[2021-7-6 0:2:27] -PID=>4692- [INFO {4692] [MODULE::ThreadControl] => Worker 4692 started
[2021-7-6 0:2:27] -PID=>2508- [INFO {2508] [MODULE::__CONFIG] => was initialize
[2021-7-6 0:2:27] -PID=>2508- [INFO {2508] [MODULE::ThreadControl] => Worker 2508 started
[2021-7-6 0:2:27] -PID=>6636- [INFO {6636] [MODULE::__CONFIG] => was initialize
[2021-7-6 0:2:27] -PID=>6636- [INFO {6636] [MODULE::ThreadControl] => Worker 6636 started
[2021-7-6 0:2:31] -PID=>11424- [INFO {11424] [MODULE::__CONFIG] => was initialize
[2021-7-6 0:2:31] -PID=>11424- [INFO {11424] [MODULE::ThreadControl] => Master 11424 is running
[2021-7-6 0:2:31] -PID=>8124- [INFO {8124] [MODULE::__CONFIG] => was initialize
[2021-7-6 0:2:31] -PID=>8124- [INFO {8124] [MODULE::ThreadControl] => Worker 8124 started
[2021-7-6 0:2:31] -PID=>8688- [INFO {8688] [MODULE::__CONFIG] => was initialize
[2021-7-6 0:2:31] -PID=>8688- [INFO {8688] [MODULE::ThreadControl] => Worker 8688 started
[2021-7-6 0:2:31] -PID=>8184- [INFO {8184] [MODULE::__CONFIG] => was initialize
[2021-7-6 0:2:31] -PID=>8184- [INFO {8184] [MODULE::ThreadControl] => Worker 8184 started
[2021-7-6 0:2:31] -PID=>13292- [INFO {13292] [MODULE::__CONFIG] => was initialize
[2021-7-6 0:2:31] -PID=>13292- [INFO {13292] [MODULE::ThreadControl] => Worker 13292 started
[2021-7-6 0:2:34] -PID=>11860- [INFO {11860] [MODULE::__CONFIG] => was initialize
[2021-7-6 0:2:34] -PID=>11860- [INFO {11860] [MODULE::ThreadControl] => Master 11860 is running
[2021-7-6 0:2:34] -PID=>14040- [INFO {14040] [MODULE::__CONFIG] => was initialize
[2021-7-6 0:2:34] -PID=>14040- [INFO {14040] [MODULE::ThreadControl] => Worker 14040 started
[2021-7-6 0:2:34] -PID=>9016- [INFO {9016] [MODULE::__CONFIG] => was initialize
[2021-7-6 0:2:34] -PID=>9016- [INFO {9016] [MODULE::ThreadControl] => Worker 9016 started
[2021-7-6 0:2:34] -PID=>13916- [INFO {13916] [MODULE::__CONFIG] => was initialize
[2021-7-6 0:2:34] -PID=>13916- [INFO {13916] [MODULE::ThreadControl] => Worker 13916 started
[2021-7-6 0:2:35] -PID=>8556- [INFO {8556] [MODULE::__CONFIG] => was initialize
[2021-7-6 0:2:35] -PID=>8556- [INFO {8556] [MODULE::ThreadControl] => Worker 8556 started
[2021-7-6 0:2:38] -PID=>12048- [INFO {12048] [MODULE::__CONFIG] => was initialize
[2021-7-6 0:2:38] -PID=>12048- [INFO {12048] [MODULE::ThreadControl] => Master 12048 is running
[2021-7-6 0:2:38] -PID=>11760- [INFO {11760] [MODULE::__CONFIG] => was initialize
[2021-7-6 0:2:38] -PID=>11760- [INFO {11760] [MODULE::ThreadControl] => Worker 11760 started
[2021-7-6 0:2:38] -PID=>13992- [INFO {13992] [MODULE::__CONFIG] => was initialize
[2021-7-6 0:2:38] -PID=>13992- [INFO {13992] [MODULE::ThreadControl] => Worker 13992 started
[2021-7-6 0:2:38] -PID=>2000- [INFO {2000] [MODULE::__CONFIG] => was initialize
[2021-7-6 0:2:38] -PID=>2000- [INFO {2000] [MODULE::ThreadControl] => Worker 2000 started
[2021-7-6 0:2:38] -PID=>1660- [INFO {1660] [MODULE::__CONFIG] => was initialize
[2021-7-6 0:2:38] -PID=>1660- [INFO {1660] [MODULE::ThreadControl] => Worker 1660 started
[2021-7-6 0:2:40] -PID=>2708- [INFO {2708] [MODULE::__CONFIG] => was initialize
[2021-7-6 0:2:40] -PID=>2708- [INFO {2708] [MODULE::ThreadControl] => Master 2708 is running
[2021-7-6 0:2:41] -PID=>2540- [INFO {2540] [MODULE::__CONFIG] => was initialize
[2021-7-6 0:2:41] -PID=>2540- [INFO {2540] [MODULE::ThreadControl] => Worker 2540 started
[2021-7-6 0:2:41] -PID=>3436- [INFO {3436] [MODULE::__CONFIG] => was initialize
[2021-7-6 0:2:41] -PID=>3436- [INFO {3436] [MODULE::ThreadControl] => Worker 3436 started
[2021-7-6 0:2:41] -PID=>3948- [INFO {3948] [MODULE::__CONFIG] => was initialize
[2021-7-6 0:2:41] -PID=>3948- [INFO {3948] [MODULE::ThreadControl] => Worker 3948 started
[2021-7-6 0:2:41] -PID=>8100- [INFO {8100] [MODULE::__CONFIG] => was initialize
[2021-7-6 0:2:41] -PID=>8100- [INFO {8100] [MODULE::ThreadControl] => Worker 8100 started
[2021-7-6 0:2:55] -PID=>6236- [INFO {6236] [MODULE::__CONFIG] => was initialize
[2021-7-6 0:2:55] -PID=>6236- [INFO {6236] [MODULE::ThreadControl] => Master 6236 is running
[2021-7-6 0:2:56] -PID=>6516- [INFO {6516] [MODULE::__CONFIG] => was initialize
[2021-7-6 0:2:56] -PID=>6516- [INFO {6516] [MODULE::ThreadControl] => Worker 6516 started
[2021-7-6 0:2:56] -PID=>13156- [INFO {13156] [MODULE::__CONFIG] => was initialize
[2021-7-6 0:2:56] -PID=>13156- [INFO {13156] [MODULE::ThreadControl] => Worker 13156 started
[2021-7-6 0:2:56] -PID=>5188- [INFO {5188] [MODULE::__CONFIG] => was initialize
[2021-7-6 0:2:56] -PID=>5188- [INFO {5188] [MODULE::ThreadControl] => Worker 5188 started
[2021-7-6 0:2:56] -PID=>11648- [INFO {11648] [MODULE::__CONFIG] => was initialize
[2021-7-6 0:2:56] -PID=>11648- [INFO {11648] [MODULE::ThreadControl] => Worker 11648 started
[2021-7-6 0:2:55] -PID=>6236- [INFO {6236] [MODULE::ThreadControl] => worker is dead true
[2021-7-6 0:2:55] -PID=>6236- [INFO {6236] [MODULE::ThreadControl] => worker is dead true
[2021-7-6 0:3:6] -PID=>13024- [INFO {13024] [MODULE::__CONFIG] => was initialize
[2021-7-6 0:3:6] -PID=>13024- [INFO {13024] [MODULE::ThreadControl] => Master 13024 is running
[2021-7-6 0:3:6] -PID=>12268- [INFO {12268] [MODULE::__CONFIG] => was initialize
[2021-7-6 0:3:6] -PID=>12268- [INFO {12268] [MODULE::ThreadControl] => Worker 12268 started
[2021-7-6 0:3:6] -PID=>13744- [INFO {13744] [MODULE::__CONFIG] => was initialize
[2021-7-6 0:3:6] -PID=>13744- [INFO {13744] [MODULE::ThreadControl] => Worker 13744 started
[2021-7-6 0:3:6] -PID=>4112- [INFO {4112] [MODULE::__CONFIG] => was initialize
[2021-7-6 0:3:6] -PID=>4112- [INFO {4112] [MODULE::ThreadControl] => Worker 4112 started
[2021-7-6 0:3:6] -PID=>7292- [INFO {7292] [MODULE::__CONFIG] => was initialize
[2021-7-6 0:3:6] -PID=>7292- [INFO {7292] [MODULE::ThreadControl] => Worker 7292 started
[2021-7-6 0:3:13] -PID=>5736- [INFO {5736] [MODULE::__CONFIG] => was initialize
[2021-7-6 0:3:13] -PID=>5736- [INFO {5736] [MODULE::ThreadControl] => Master 5736 is running
[2021-7-6 0:3:13] -PID=>9824- [INFO {9824] [MODULE::__CONFIG] => was initialize
[2021-7-6 0:3:13] -PID=>9824- [INFO {9824] [MODULE::ThreadControl] => Worker 9824 started
[2021-7-6 0:3:13] -PID=>13600- [INFO {13600] [MODULE::__CONFIG] => was initialize
[2021-7-6 0:3:13] -PID=>13600- [INFO {13600] [MODULE::ThreadControl] => Worker 13600 started
[2021-7-6 0:3:13] -PID=>10892- [INFO {10892] [MODULE::__CONFIG] => was initialize
[2021-7-6 0:3:13] -PID=>10892- [INFO {10892] [MODULE::ThreadControl] => Worker 10892 started
[2021-7-6 0:3:13] -PID=>12628- [INFO {12628] [MODULE::__CONFIG] => was initialize
[2021-7-6 0:3:13] -PID=>12628- [INFO {12628] [MODULE::ThreadControl] => Worker 12628 started
[2021-7-6 0:4:13] -PID=>3336- [INFO {3336] [MODULE::__CONFIG] => was initialize
[2021-7-6 0:4:13] -PID=>3336- [INFO {3336] [MODULE::ThreadControl] => Master 3336 is running
[2021-7-6 0:4:14] -PID=>3084- [INFO {3084] [MODULE::__CONFIG] => was initialize
[2021-7-6 0:4:14] -PID=>3084- [INFO {3084] [MODULE::ThreadControl] => Worker 3084 started
[2021-7-6 0:4:14] -PID=>1836- [INFO {1836] [MODULE::__CONFIG] => was initialize
[2021-7-6 0:4:14] -PID=>1836- [INFO {1836] [MODULE::ThreadControl] => Worker 1836 started
[2021-7-6 0:4:14] -PID=>8784- [INFO {8784] [MODULE::__CONFIG] => was initialize
[2021-7-6 0:4:14] -PID=>8784- [INFO {8784] [MODULE::ThreadControl] => Worker 8784 started
[2021-7-6 0:4:14] -PID=>10148- [INFO {10148] [MODULE::__CONFIG] => was initialize
[2021-7-6 0:4:14] -PID=>10148- [INFO {10148] [MODULE::ThreadControl] => Worker 10148 started
[2021-7-6 0:5:5] -PID=>10084- [INFO {10084] [MODULE::__CONFIG] => was initialize
[2021-7-6 0:5:5] -PID=>10084- [INFO {10084] [MODULE::ThreadControl] => Master 10084 is running
[2021-7-6 0:5:5] -PID=>10304- [INFO {10304] [MODULE::__CONFIG] => was initialize
[2021-7-6 0:5:5] -PID=>10304- [INFO {10304] [MODULE::ThreadControl] => Worker 10304 started
[2021-7-6 0:5:5] -PID=>11204- [INFO {11204] [MODULE::__CONFIG] => was initialize
[2021-7-6 0:5:5] -PID=>11204- [INFO {11204] [MODULE::ThreadControl] => Worker 11204 started
[2021-7-6 0:5:5] -PID=>10792- [INFO {10792] [MODULE::__CONFIG] => was initialize
[2021-7-6 0:5:5] -PID=>10792- [INFO {10792] [MODULE::ThreadControl] => Worker 10792 started
[2021-7-6 0:5:5] -PID=>10756- [INFO {10756] [MODULE::__CONFIG] => was initialize
[2021-7-6 0:5:5] -PID=>10756- [INFO {10756] [MODULE::ThreadControl] => Worker 10756 started
[2021-7-6 0:6:6] -PID=>7644- [INFO {7644] [MODULE::__CONFIG] => was initialize
[2021-7-6 0:6:6] -PID=>7644- [INFO {7644] [MODULE::ThreadControl] => Master 7644 is running
[2021-7-6 0:6:6] -PID=>6104- [INFO {6104] [MODULE::__CONFIG] => was initialize
[2021-7-6 0:6:6] -PID=>6104- [INFO {6104] [MODULE::ThreadControl] => Worker 6104 started
[2021-7-6 0:6:6] -PID=>5568- [INFO {5568] [MODULE::__CONFIG] => was initialize
[2021-7-6 0:6:6] -PID=>5568- [INFO {5568] [MODULE::ThreadControl] => Worker 5568 started
[2021-7-6 0:6:6] -PID=>1600- [INFO {1600] [MODULE::__CONFIG] => was initialize
[2021-7-6 0:6:6] -PID=>1600- [INFO {1600] [MODULE::ThreadControl] => Worker 1600 started
[2021-7-6 0:6:6] -PID=>12772- [INFO {12772] [MODULE::__CONFIG] => was initialize
[2021-7-6 0:6:6] -PID=>12772- [INFO {12772] [MODULE::ThreadControl] => Worker 12772 started
[2021-7-6 0:7:12] -PID=>3992- [INFO {3992] [MODULE::__CONFIG] => was initialize
[2021-7-6 0:7:12] -PID=>3992- [INFO {3992] [MODULE::ThreadControl] => Master 3992 is running
[2021-7-6 0:7:12] -PID=>5668- [INFO {5668] [MODULE::__CONFIG] => was initialize
[2021-7-6 0:7:12] -PID=>5668- [INFO {5668] [MODULE::ThreadControl] => Worker 5668 started
[2021-7-6 0:7:12] -PID=>12100- [INFO {12100] [MODULE::__CONFIG] => was initialize
[2021-7-6 0:7:12] -PID=>12100- [INFO {12100] [MODULE::ThreadControl] => Worker 12100 started
[2021-7-6 0:7:12] -PID=>6560- [INFO {6560] [MODULE::__CONFIG] => was initialize
[2021-7-6 0:7:12] -PID=>6560- [INFO {6560] [MODULE::ThreadControl] => Worker 6560 started
[2021-7-6 0:7:12] -PID=>9028- [INFO {9028] [MODULE::__CONFIG] => was initialize
[2021-7-6 0:7:12] -PID=>9028- [INFO {9028] [MODULE::ThreadControl] => Worker 9028 started
[2021-7-6 0:7:12] -PID=>3992- [INFO {3992] [MODULE::ThreadControl] => worker is dead true
[2021-7-6 0:7:40] -PID=>916- [INFO {916] [MODULE::__CONFIG] => was initialize
[2021-7-6 0:7:40] -PID=>916- [INFO {916] [MODULE::ThreadControl] => Master 916 is running
[2021-7-6 0:7:41] -PID=>5736- [INFO {5736] [MODULE::__CONFIG] => was initialize
[2021-7-6 0:7:41] -PID=>5736- [INFO {5736] [MODULE::ThreadControl] => Worker 5736 started
[2021-7-6 0:7:41] -PID=>11072- [INFO {11072] [MODULE::__CONFIG] => was initialize
[2021-7-6 0:7:41] -PID=>11072- [INFO {11072] [MODULE::ThreadControl] => Worker 11072 started
[2021-7-6 0:7:41] -PID=>2860- [INFO {2860] [MODULE::__CONFIG] => was initialize
[2021-7-6 0:7:41] -PID=>2860- [INFO {2860] [MODULE::ThreadControl] => Worker 2860 started
[2021-7-6 0:7:41] -PID=>11424- [INFO {11424] [MODULE::__CONFIG] => was initialize
[2021-7-6 0:7:41] -PID=>11424- [INFO {11424] [MODULE::ThreadControl] => Worker 11424 started
[2021-7-6 0:7:40] -PID=>916- [INFO {916] [MODULE::ThreadControl] => worker is dead true
[2021-7-6 0:7:40] -PID=>916- [INFO {916] [MODULE::ThreadControl] => worker is dead true
[2021-7-6 0:7:41] -PID=>5184- [INFO {5184] [MODULE::__CONFIG] => was initialize
[2021-7-6 0:7:41] -PID=>5184- [INFO {5184] [MODULE::ThreadControl] => Master 5184 is running
[2021-7-6 0:7:42] -PID=>10620- [INFO {10620] [MODULE::__CONFIG] => was initialize
[2021-7-6 0:7:42] -PID=>10620- [INFO {10620] [MODULE::ThreadControl] => Worker 10620 started
[2021-7-6 0:7:42] -PID=>4692- [INFO {4692] [MODULE::__CONFIG] => was initialize
[2021-7-6 0:7:42] -PID=>4692- [INFO {4692] [MODULE::ThreadControl] => Worker 4692 started
[2021-7-6 0:7:42] -PID=>11444- [INFO {11444] [MODULE::__CONFIG] => was initialize
[2021-7-6 0:7:42] -PID=>11444- [INFO {11444] [MODULE::ThreadControl] => Worker 11444 started
[2021-7-6 0:7:42] -PID=>6896- [INFO {6896] [MODULE::__CONFIG] => was initialize
[2021-7-6 0:7:42] -PID=>6896- [INFO {6896] [MODULE::ThreadControl] => Worker 6896 started
[2021-7-6 0:7:59] -PID=>10016- [INFO {10016] [MODULE::__CONFIG] => was initialize
[2021-7-6 0:7:59] -PID=>10016- [INFO {10016] [MODULE::ThreadControl] => Master 10016 is running
[2021-7-6 0:8:0] -PID=>5256- [INFO {5256] [MODULE::__CONFIG] => was initialize
[2021-7-6 0:8:0] -PID=>5256- [INFO {5256] [MODULE::ThreadControl] => Worker 5256 started
[2021-7-6 0:8:0] -PID=>520- [INFO {520] [MODULE::__CONFIG] => was initialize
[2021-7-6 0:8:0] -PID=>520- [INFO {520] [MODULE::ThreadControl] => Worker 520 started
[2021-7-6 0:8:0] -PID=>11000- [INFO {11000] [MODULE::__CONFIG] => was initialize
[2021-7-6 0:8:0] -PID=>11000- [INFO {11000] [MODULE::ThreadControl] => Worker 11000 started
[2021-7-6 0:8:0] -PID=>5876- [INFO {5876] [MODULE::__CONFIG] => was initialize
[2021-7-6 0:8:0] -PID=>5876- [INFO {5876] [MODULE::ThreadControl] => Worker 5876 started
[2021-7-6 0:10:38] -PID=>13748- [INFO {13748] [MODULE::__CONFIG] => was initialize
[2021-7-6 0:10:38] -PID=>13748- [INFO {13748] [MODULE::ThreadControl] => Master 13748 is running
[2021-7-6 0:10:39] -PID=>12932- [INFO {12932] [MODULE::__CONFIG] => was initialize
[2021-7-6 0:10:39] -PID=>12932- [INFO {12932] [MODULE::ThreadControl] => Worker 12932 started
[2021-7-6 0:10:39] -PID=>13796- [INFO {13796] [MODULE::__CONFIG] => was initialize
[2021-7-6 0:10:39] -PID=>13796- [INFO {13796] [MODULE::ThreadControl] => Worker 13796 started
[2021-7-6 0:10:39] -PID=>1340- [INFO {1340] [MODULE::__CONFIG] => was initialize
[2021-7-6 0:10:39] -PID=>1340- [INFO {1340] [MODULE::ThreadControl] => Worker 1340 started
[2021-7-6 0:10:39] -PID=>12968- [INFO {12968] [MODULE::__CONFIG] => was initialize
[2021-7-6 0:10:39] -PID=>12968- [INFO {12968] [MODULE::ThreadControl] => Worker 12968 started
[2021-7-6 0:10:50] -PID=>9132- [INFO {9132] [MODULE::__CONFIG] => was initialize
[2021-7-6 0:10:50] -PID=>9132- [INFO {9132] [MODULE::ThreadControl] => Master 9132 is running
[2021-7-6 0:10:50] -PID=>11776- [INFO {11776] [MODULE::__CONFIG] => was initialize
[2021-7-6 0:10:50] -PID=>11776- [INFO {11776] [MODULE::ThreadControl] => Worker 11776 started
[2021-7-6 0:10:50] -PID=>12556- [INFO {12556] [MODULE::__CONFIG] => was initialize
[2021-7-6 0:10:50] -PID=>12556- [INFO {12556] [MODULE::ThreadControl] => Worker 12556 started
[2021-7-6 0:10:50] -PID=>10372- [INFO {10372] [MODULE::__CONFIG] => was initialize
[2021-7-6 0:10:50] -PID=>10372- [INFO {10372] [MODULE::ThreadControl] => Worker 10372 started
[2021-7-6 0:10:50] -PID=>4208- [INFO {4208] [MODULE::__CONFIG] => was initialize
[2021-7-6 0:10:50] -PID=>4208- [INFO {4208] [MODULE::ThreadControl] => Worker 4208 started
[2021-7-6 0:10:51] -PID=>3936- [INFO {3936] [MODULE::__CONFIG] => was initialize
[2021-7-6 0:10:51] -PID=>3936- [INFO {3936] [MODULE::ThreadControl] => Master 3936 is running
[2021-7-6 0:10:52] -PID=>1252- [INFO {1252] [MODULE::__CONFIG] => was initialize
[2021-7-6 0:10:52] -PID=>1252- [INFO {1252] [MODULE::ThreadControl] => Worker 1252 started
[2021-7-6 0:10:52] -PID=>6508- [INFO {6508] [MODULE::__CONFIG] => was initialize
[2021-7-6 0:10:52] -PID=>6508- [INFO {6508] [MODULE::ThreadControl] => Worker 6508 started
[2021-7-6 0:10:52] -PID=>5852- [INFO {5852] [MODULE::__CONFIG] => was initialize
[2021-7-6 0:10:52] -PID=>5852- [INFO {5852] [MODULE::ThreadControl] => Worker 5852 started
[2021-7-6 0:10:52] -PID=>12836- [INFO {12836] [MODULE::__CONFIG] => was initialize
[2021-7-6 0:10:52] -PID=>12836- [INFO {12836] [MODULE::ThreadControl] => Worker 12836 started
[2021-7-6 0:11:7] -PID=>6668- [INFO {6668] [MODULE::__CONFIG] => was initialize
[2021-7-6 0:11:7] -PID=>6668- [INFO {6668] [MODULE::ThreadControl] => Master 6668 is running
[2021-7-6 0:11:7] -PID=>9704- [INFO {9704] [MODULE::__CONFIG] => was initialize
[2021-7-6 0:11:7] -PID=>9704- [INFO {9704] [MODULE::ThreadControl] => Worker 9704 started
[2021-7-6 0:11:7] -PID=>3016- [INFO {3016] [MODULE::__CONFIG] => was initialize
[2021-7-6 0:11:7] -PID=>3016- [INFO {3016] [MODULE::ThreadControl] => Worker 3016 started
[2021-7-6 0:11:7] -PID=>11108- [INFO {11108] [MODULE::__CONFIG] => was initialize
[2021-7-6 0:11:7] -PID=>11108- [INFO {11108] [MODULE::ThreadControl] => Worker 11108 started
[2021-7-6 0:11:7] -PID=>2236- [INFO {2236] [MODULE::__CONFIG] => was initialize
[2021-7-6 0:11:7] -PID=>2236- [INFO {2236] [MODULE::ThreadControl] => Worker 2236 started
[2021-7-6 0:11:28] -PID=>3892- [INFO {3892] [MODULE::__CONFIG] => was initialize
[2021-7-6 0:11:28] -PID=>3892- [INFO {3892] [MODULE::ThreadControl] => Master 3892 is running
[2021-7-6 0:11:28] -PID=>13132- [INFO {13132] [MODULE::__CONFIG] => was initialize
[2021-7-6 0:11:28] -PID=>13132- [INFO {13132] [MODULE::ThreadControl] => Worker 13132 started
[2021-7-6 0:11:28] -PID=>7728- [INFO {7728] [MODULE::__CONFIG] => was initialize
[2021-7-6 0:11:28] -PID=>7728- [INFO {7728] [MODULE::ThreadControl] => Worker 7728 started
[2021-7-6 0:11:28] -PID=>8568- [INFO {8568] [MODULE::__CONFIG] => was initialize
[2021-7-6 0:11:28] -PID=>8568- [INFO {8568] [MODULE::ThreadControl] => Worker 8568 started
[2021-7-6 0:11:28] -PID=>1292- [INFO {1292] [MODULE::__CONFIG] => was initialize
[2021-7-6 0:11:28] -PID=>1292- [INFO {1292] [MODULE::ThreadControl] => Worker 1292 started
[2021-7-6 0:12:9] -PID=>4028- [INFO {4028] [MODULE::__CONFIG] => was initialize
[2021-7-6 0:12:9] -PID=>4028- [INFO {4028] [MODULE::ThreadControl] => Master 4028 is running
[2021-7-6 0:12:10] -PID=>12292- [INFO {12292] [MODULE::__CONFIG] => was initialize
[2021-7-6 0:12:10] -PID=>12292- [INFO {12292] [MODULE::ThreadControl] => Worker 12292 started
[2021-7-6 0:12:10] -PID=>7692- [INFO {7692] [MODULE::__CONFIG] => was initialize
[2021-7-6 0:12:10] -PID=>7692- [INFO {7692] [MODULE::ThreadControl] => Worker 7692 started
[2021-7-6 0:12:10] -PID=>312- [INFO {312] [MODULE::__CONFIG] => was initialize
[2021-7-6 0:12:10] -PID=>312- [INFO {312] [MODULE::ThreadControl] => Worker 312 started
[2021-7-6 0:12:10] -PID=>8260- [INFO {8260] [MODULE::__CONFIG] => was initialize
[2021-7-6 0:12:10] -PID=>8260- [INFO {8260] [MODULE::ThreadControl] => Worker 8260 started
[2021-7-6 0:12:9] -PID=>4028- [INFO {4028] [MODULE::ThreadControl] => worker is dead true
[2021-7-6 0:12:9] -PID=>4028- [INFO {4028] [MODULE::ThreadControl] => worker is dead true
[2021-7-6 0:12:41] -PID=>8876- [INFO {8876] [MODULE::__CONFIG] => was initialize
[2021-7-6 0:12:41] -PID=>8876- [INFO {8876] [MODULE::ThreadControl] => Master 8876 is running
[2021-7-6 0:12:41] -PID=>8876- [INFO {8876] [MODULE::ThreadControl] => worker is dead true
[2021-7-6 0:12:41] -PID=>8876- [INFO {8876] [MODULE::ThreadControl] => worker is dead true
[2021-7-6 0:12:41] -PID=>8876- [INFO {8876] [MODULE::ThreadControl] => worker is dead true
[2021-7-6 0:12:41] -PID=>8876- [INFO {8876] [MODULE::ThreadControl] => worker is dead true
[2021-7-6 0:12:52] -PID=>6736- [INFO {6736] [MODULE::__CONFIG] => was initialize
[2021-7-6 0:12:52] -PID=>6736- [INFO {6736] [MODULE::ThreadControl] => Master 6736 is running
[2021-7-6 0:12:52] -PID=>12796- [INFO {12796] [MODULE::__CONFIG] => was initialize
[2021-7-6 0:12:52] -PID=>12796- [INFO {12796] [MODULE::ThreadControl] => Worker 12796 started
[2021-7-6 0:12:52] -PID=>12932- [INFO {12932] [MODULE::__CONFIG] => was initialize
[2021-7-6 0:12:52] -PID=>12932- [INFO {12932] [MODULE::ThreadControl] => Worker 12932 started
[2021-7-6 0:12:52] -PID=>11160- [INFO {11160] [MODULE::__CONFIG] => was initialize
[2021-7-6 0:12:52] -PID=>11160- [INFO {11160] [MODULE::ThreadControl] => Worker 11160 started
[2021-7-6 0:12:52] -PID=>5168- [INFO {5168] [MODULE::__CONFIG] => was initialize
[2021-7-6 0:12:52] -PID=>5168- [INFO {5168] [MODULE::ThreadControl] => Worker 5168 started
[2021-7-6 0:13:9] -PID=>2936- [INFO {2936] [MODULE::__CONFIG] => was initialize
[2021-7-6 0:13:9] -PID=>2936- [INFO {2936] [MODULE::ThreadControl] => Master 2936 is running
[2021-7-6 0:13:9] -PID=>7968- [INFO {7968] [MODULE::__CONFIG] => was initialize
[2021-7-6 0:13:9] -PID=>7968- [INFO {7968] [MODULE::ThreadControl] => Worker 7968 started
[2021-7-6 0:13:9] -PID=>11540- [INFO {11540] [MODULE::__CONFIG] => was initialize
[2021-7-6 0:13:9] -PID=>11540- [INFO {11540] [MODULE::ThreadControl] => Worker 11540 started
[2021-7-6 0:13:9] -PID=>1372- [INFO {1372] [MODULE::__CONFIG] => was initialize
[2021-7-6 0:13:9] -PID=>1372- [INFO {1372] [MODULE::ThreadControl] => Worker 1372 started
[2021-7-6 0:13:9] -PID=>8492- [INFO {8492] [MODULE::__CONFIG] => was initialize
[2021-7-6 0:13:9] -PID=>8492- [INFO {8492] [MODULE::ThreadControl] => Worker 8492 started
[2021-7-6 0:13:14] -PID=>13224- [INFO {13224] [MODULE::__CONFIG] => was initialize
[2021-7-6 0:13:14] -PID=>13224- [INFO {13224] [MODULE::ThreadControl] => Master 13224 is running
[2021-7-6 0:13:14] -PID=>8364- [INFO {8364] [MODULE::__CONFIG] => was initialize
[2021-7-6 0:13:14] -PID=>8364- [INFO {8364] [MODULE::ThreadControl] => Worker 8364 started
[2021-7-6 0:13:14] -PID=>3936- [INFO {3936] [MODULE::__CONFIG] => was initialize
[2021-7-6 0:13:14] -PID=>3936- [INFO {3936] [MODULE::ThreadControl] => Worker 3936 started
[2021-7-6 0:13:14] -PID=>3968- [INFO {3968] [MODULE::__CONFIG] => was initialize
[2021-7-6 0:13:14] -PID=>3968- [INFO {3968] [MODULE::ThreadControl] => Worker 3968 started
[2021-7-6 0:13:14] -PID=>5864- [INFO {5864] [MODULE::__CONFIG] => was initialize
[2021-7-6 0:13:14] -PID=>5864- [INFO {5864] [MODULE::ThreadControl] => Worker 5864 started
[2021-7-6 0:13:42] -PID=>12948- [INFO {12948] [MODULE::__CONFIG] => was initialize
[2021-7-6 0:13:42] -PID=>12948- [INFO {12948] [MODULE::ThreadControl] => Master 12948 is running
[2021-7-6 0:13:42] -PID=>5140- [INFO {5140] [MODULE::__CONFIG] => was initialize
[2021-7-6 0:13:42] -PID=>5140- [INFO {5140] [MODULE::ThreadControl] => Worker 5140 started
[2021-7-6 0:13:42] -PID=>10244- [INFO {10244] [MODULE::__CONFIG] => was initialize
[2021-7-6 0:13:42] -PID=>10244- [INFO {10244] [MODULE::ThreadControl] => Worker 10244 started
[2021-7-6 0:13:43] -PID=>9900- [INFO {9900] [MODULE::__CONFIG] => was initialize
[2021-7-6 0:13:43] -PID=>9900- [INFO {9900] [MODULE::ThreadControl] => Worker 9900 started
[2021-7-6 0:13:43] -PID=>14060- [INFO {14060] [MODULE::__CONFIG] => was initialize
[2021-7-6 0:13:43] -PID=>14060- [INFO {14060] [MODULE::ThreadControl] => Worker 14060 started
[2021-7-6 0:13:56] -PID=>7960- [INFO {7960] [MODULE::__CONFIG] => was initialize
[2021-7-6 0:13:56] -PID=>7960- [INFO {7960] [MODULE::ThreadControl] => Master 7960 is running
[2021-7-6 0:13:57] -PID=>2416- [INFO {2416] [MODULE::__CONFIG] => was initialize
[2021-7-6 0:13:57] -PID=>2416- [INFO {2416] [MODULE::ThreadControl] => Worker 2416 started
[2021-7-6 0:13:57] -PID=>2196- [INFO {2196] [MODULE::__CONFIG] => was initialize
[2021-7-6 0:13:57] -PID=>2196- [INFO {2196] [MODULE::ThreadControl] => Worker 2196 started
[2021-7-6 0:13:57] -PID=>12640- [INFO {12640] [MODULE::__CONFIG] => was initialize
[2021-7-6 0:13:57] -PID=>12640- [INFO {12640] [MODULE::ThreadControl] => Worker 12640 started
[2021-7-6 0:13:57] -PID=>13284- [INFO {13284] [MODULE::__CONFIG] => was initialize
[2021-7-6 0:13:57] -PID=>13284- [INFO {13284] [MODULE::ThreadControl] => Worker 13284 started
[2021-7-6 0:13:59] -PID=>12444- [INFO {12444] [MODULE::__CONFIG] => was initialize
[2021-7-6 0:13:59] -PID=>12444- [INFO {12444] [MODULE::ThreadControl] => Master 12444 is running
[2021-7-6 0:13:59] -PID=>9648- [INFO {9648] [MODULE::__CONFIG] => was initialize
[2021-7-6 0:13:59] -PID=>9648- [INFO {9648] [MODULE::ThreadControl] => Worker 9648 started
[2021-7-6 0:13:59] -PID=>8260- [INFO {8260] [MODULE::__CONFIG] => was initialize
[2021-7-6 0:13:59] -PID=>8260- [INFO {8260] [MODULE::ThreadControl] => Worker 8260 started
[2021-7-6 0:13:59] -PID=>6060- [INFO {6060] [MODULE::__CONFIG] => was initialize
[2021-7-6 0:13:59] -PID=>6060- [INFO {6060] [MODULE::ThreadControl] => Worker 6060 started
[2021-7-6 0:13:59] -PID=>7112- [INFO {7112] [MODULE::__CONFIG] => was initialize
[2021-7-6 0:13:59] -PID=>7112- [INFO {7112] [MODULE::ThreadControl] => Worker 7112 started
[2021-7-6 0:14:5] -PID=>13196- [INFO {13196] [MODULE::__CONFIG] => was initialize
[2021-7-6 0:14:5] -PID=>13196- [INFO {13196] [MODULE::ThreadControl] => Master 13196 is running
[2021-7-6 0:14:5] -PID=>9272- [INFO {9272] [MODULE::__CONFIG] => was initialize
[2021-7-6 0:14:5] -PID=>9272- [INFO {9272] [MODULE::ThreadControl] => Worker 9272 started
[2021-7-6 0:14:5] -PID=>12904- [INFO {12904] [MODULE::__CONFIG] => was initialize
[2021-7-6 0:14:5] -PID=>12904- [INFO {12904] [MODULE::ThreadControl] => Worker 12904 started
[2021-7-6 0:14:5] -PID=>8628- [INFO {8628] [MODULE::__CONFIG] => was initialize
[2021-7-6 0:14:5] -PID=>8628- [INFO {8628] [MODULE::ThreadControl] => Worker 8628 started
[2021-7-6 0:14:5] -PID=>4556- [INFO {4556] [MODULE::__CONFIG] => was initialize
[2021-7-6 0:14:5] -PID=>4556- [INFO {4556] [MODULE::ThreadControl] => Worker 4556 started
[2021-7-6 0:14:5] -PID=>13196- [INFO {13196] [MODULE::ThreadControl] => worker is dead true
[2021-7-6 0:14:5] -PID=>13196- [INFO {13196] [MODULE::ThreadControl] => worker is dead true
[2021-7-6 0:14:9] -PID=>12212- [INFO {12212] [MODULE::__CONFIG] => was initialize
[2021-7-6 0:14:9] -PID=>12212- [INFO {12212] [MODULE::ThreadControl] => Master 12212 is running
[2021-7-6 0:14:9] -PID=>9868- [INFO {9868] [MODULE::__CONFIG] => was initialize
[2021-7-6 0:14:9] -PID=>9868- [INFO {9868] [MODULE::ThreadControl] => Worker 9868 started
[2021-7-6 0:14:9] -PID=>13540- [INFO {13540] [MODULE::__CONFIG] => was initialize
[2021-7-6 0:14:9] -PID=>13540- [INFO {13540] [MODULE::ThreadControl] => Worker 13540 started
[2021-7-6 0:14:9] -PID=>11692- [INFO {11692] [MODULE::__CONFIG] => was initialize
[2021-7-6 0:14:9] -PID=>11692- [INFO {11692] [MODULE::ThreadControl] => Worker 11692 started
[2021-7-6 0:14:10] -PID=>12168- [INFO {12168] [MODULE::__CONFIG] => was initialize
[2021-7-6 0:14:10] -PID=>12168- [INFO {12168] [MODULE::ThreadControl] => Worker 12168 started
[2021-7-6 0:14:15] -PID=>9652- [INFO {9652] [MODULE::__CONFIG] => was initialize
[2021-7-6 0:14:15] -PID=>9652- [INFO {9652] [MODULE::ThreadControl] => Master 9652 is running
[2021-7-6 0:14:16] -PID=>6252- [INFO {6252] [MODULE::__CONFIG] => was initialize
[2021-7-6 0:14:16] -PID=>6252- [INFO {6252] [MODULE::ThreadControl] => Worker 6252 started
[2021-7-6 0:14:16] -PID=>13552- [INFO {13552] [MODULE::__CONFIG] => was initialize
[2021-7-6 0:14:16] -PID=>13552- [INFO {13552] [MODULE::ThreadControl] => Worker 13552 started
[2021-7-6 0:14:16] -PID=>11072- [INFO {11072] [MODULE::__CONFIG] => was initialize
[2021-7-6 0:14:16] -PID=>11072- [INFO {11072] [MODULE::ThreadControl] => Worker 11072 started
[2021-7-6 0:14:16] -PID=>12976- [INFO {12976] [MODULE::__CONFIG] => was initialize
[2021-7-6 0:14:16] -PID=>12976- [INFO {12976] [MODULE::ThreadControl] => Worker 12976 started
[2021-7-6 0:14:17] -PID=>12040- [INFO {12040] [MODULE::__CONFIG] => was initialize
[2021-7-6 0:14:17] -PID=>12040- [INFO {12040] [MODULE::ThreadControl] => Master 12040 is running
[2021-7-6 0:14:17] -PID=>11444- [INFO {11444] [MODULE::__CONFIG] => was initialize
[2021-7-6 0:14:17] -PID=>11444- [INFO {11444] [MODULE::ThreadControl] => Worker 11444 started
[2021-7-6 0:14:17] -PID=>14224- [INFO {14224] [MODULE::__CONFIG] => was initialize
[2021-7-6 0:14:17] -PID=>14224- [INFO {14224] [MODULE::ThreadControl] => Worker 14224 started
[2021-7-6 0:14:18] -PID=>5536- [INFO {5536] [MODULE::__CONFIG] => was initialize
[2021-7-6 0:14:18] -PID=>5536- [INFO {5536] [MODULE::ThreadControl] => Worker 5536 started
[2021-7-6 0:14:18] -PID=>9144- [INFO {9144] [MODULE::__CONFIG] => was initialize
[2021-7-6 0:14:18] -PID=>9144- [INFO {9144] [MODULE::ThreadControl] => Worker 9144 started
[2021-7-6 0:14:21] -PID=>8528- [INFO {8528] [MODULE::__CONFIG] => was initialize
[2021-7-6 0:14:21] -PID=>8528- [INFO {8528] [MODULE::ThreadControl] => Master 8528 is running
[2021-7-6 0:14:21] -PID=>12852- [INFO {12852] [MODULE::__CONFIG] => was initialize
[2021-7-6 0:14:21] -PID=>12852- [INFO {12852] [MODULE::ThreadControl] => Worker 12852 started
[2021-7-6 0:14:21] -PID=>8900- [INFO {8900] [MODULE::__CONFIG] => was initialize
[2021-7-6 0:14:21] -PID=>8900- [INFO {8900] [MODULE::ThreadControl] => Worker 8900 started
[2021-7-6 0:14:21] -PID=>14248- [INFO {14248] [MODULE::__CONFIG] => was initialize
[2021-7-6 0:14:21] -PID=>14248- [INFO {14248] [MODULE::ThreadControl] => Worker 14248 started
[2021-7-6 0:14:21] -PID=>9984- [INFO {9984] [MODULE::__CONFIG] => was initialize
[2021-7-6 0:14:21] -PID=>9984- [INFO {9984] [MODULE::ThreadControl] => Worker 9984 started
[2021-7-6 0:14:31] -PID=>11200- [INFO {11200] [MODULE::__CONFIG] => was initialize
[2021-7-6 0:14:31] -PID=>11200- [INFO {11200] [MODULE::ThreadControl] => Master 11200 is running
[2021-7-6 0:14:31] -PID=>8104- [INFO {8104] [MODULE::__CONFIG] => was initialize
[2021-7-6 0:14:31] -PID=>8104- [INFO {8104] [MODULE::ThreadControl] => Worker 8104 started
[2021-7-6 0:14:31] -PID=>7728- [INFO {7728] [MODULE::__CONFIG] => was initialize
[2021-7-6 0:14:31] -PID=>7728- [INFO {7728] [MODULE::ThreadControl] => Worker 7728 started
[2021-7-6 0:14:31] -PID=>7328- [INFO {7328] [MODULE::__CONFIG] => was initialize
[2021-7-6 0:14:31] -PID=>7328- [INFO {7328] [MODULE::ThreadControl] => Worker 7328 started
[2021-7-6 0:14:31] -PID=>1452- [INFO {1452] [MODULE::__CONFIG] => was initialize
[2021-7-6 0:14:31] -PID=>1452- [INFO {1452] [MODULE::ThreadControl] => Worker 1452 started
[2021-7-6 0:14:37] -PID=>6112- [INFO {6112] [MODULE::__CONFIG] => was initialize
[2021-7-6 0:14:37] -PID=>6112- [INFO {6112] [MODULE::ThreadControl] => Master 6112 is running
[2021-7-6 0:14:37] -PID=>2736- [INFO {2736] [MODULE::__CONFIG] => was initialize
[2021-7-6 0:14:37] -PID=>2736- [INFO {2736] [MODULE::ThreadControl] => Worker 2736 started
[2021-7-6 0:14:37] -PID=>11136- [INFO {11136] [MODULE::__CONFIG] => was initialize
[2021-7-6 0:14:37] -PID=>11136- [INFO {11136] [MODULE::ThreadControl] => Worker 11136 started
[2021-7-6 0:14:37] -PID=>11828- [INFO {11828] [MODULE::__CONFIG] => was initialize
[2021-7-6 0:14:37] -PID=>11828- [INFO {11828] [MODULE::ThreadControl] => Worker 11828 started
[2021-7-6 0:14:37] -PID=>8556- [INFO {8556] [MODULE::__CONFIG] => was initialize
[2021-7-6 0:14:37] -PID=>8556- [INFO {8556] [MODULE::ThreadControl] => Worker 8556 started
[2021-7-6 0:14:55] -PID=>9784- [INFO {9784] [MODULE::__CONFIG] => was initialize
[2021-7-6 0:14:55] -PID=>9784- [INFO {9784] [MODULE::ThreadControl] => Master 9784 is running
[2021-7-6 0:14:55] -PID=>11580- [INFO {11580] [MODULE::__CONFIG] => was initialize
[2021-7-6 0:14:55] -PID=>11580- [INFO {11580] [MODULE::ThreadControl] => Worker 11580 started
[2021-7-6 0:14:55] -PID=>10320- [INFO {10320] [MODULE::__CONFIG] => was initialize
[2021-7-6 0:14:55] -PID=>10320- [INFO {10320] [MODULE::ThreadControl] => Worker 10320 started
[2021-7-6 0:14:55] -PID=>4376- [INFO {4376] [MODULE::__CONFIG] => was initialize
[2021-7-6 0:14:55] -PID=>4376- [INFO {4376] [MODULE::ThreadControl] => Worker 4376 started
[2021-7-6 0:14:55] -PID=>7112- [INFO {7112] [MODULE::__CONFIG] => was initialize
[2021-7-6 0:14:55] -PID=>7112- [INFO {7112] [MODULE::ThreadControl] => Worker 7112 started
[2021-7-6 0:15:17] -PID=>1908- [INFO {1908] [MODULE::__CONFIG] => was initialize
[2021-7-6 0:15:17] -PID=>1908- [INFO {1908] [MODULE::ThreadControl] => Master 1908 is running
[2021-7-6 0:15:18] -PID=>9444- [INFO {9444] [MODULE::__CONFIG] => was initialize
[2021-7-6 0:15:18] -PID=>9444- [INFO {9444] [MODULE::ThreadControl] => Worker 9444 started
[2021-7-6 0:15:18] -PID=>4944- [INFO {4944] [MODULE::__CONFIG] => was initialize
[2021-7-6 0:15:18] -PID=>4944- [INFO {4944] [MODULE::ThreadControl] => Worker 4944 started
[2021-7-6 0:15:18] -PID=>5108- [INFO {5108] [MODULE::__CONFIG] => was initialize
[2021-7-6 0:15:18] -PID=>5108- [INFO {5108] [MODULE::ThreadControl] => Worker 5108 started
[2021-7-6 0:15:18] -PID=>8876- [INFO {8876] [MODULE::__CONFIG] => was initialize
[2021-7-6 0:15:18] -PID=>8876- [INFO {8876] [MODULE::ThreadControl] => Worker 8876 started
[2021-7-6 0:15:27] -PID=>11692- [INFO {11692] [MODULE::__CONFIG] => was initialize
[2021-7-6 0:15:27] -PID=>11692- [INFO {11692] [MODULE::ThreadControl] => Master 11692 is running
[2021-7-6 0:15:28] -PID=>1432- [INFO {1432] [MODULE::__CONFIG] => was initialize
[2021-7-6 0:15:28] -PID=>1432- [INFO {1432] [MODULE::ThreadControl] => Worker 1432 started
[2021-7-6 0:15:28] -PID=>9572- [INFO {9572] [MODULE::__CONFIG] => was initialize
[2021-7-6 0:15:28] -PID=>9572- [INFO {9572] [MODULE::ThreadControl] => Worker 9572 started
[2021-7-6 0:15:28] -PID=>13348- [INFO {13348] [MODULE::__CONFIG] => was initialize
[2021-7-6 0:15:28] -PID=>13348- [INFO {13348] [MODULE::ThreadControl] => Worker 13348 started
[2021-7-6 0:15:28] -PID=>13016- [INFO {13016] [MODULE::__CONFIG] => was initialize
[2021-7-6 0:15:28] -PID=>13016- [INFO {13016] [MODULE::ThreadControl] => Worker 13016 started
[2021-7-6 0:15:42] -PID=>6024- [INFO {6024] [MODULE::__CONFIG] => was initialize
[2021-7-6 0:15:42] -PID=>6024- [INFO {6024] [MODULE::ThreadControl] => Master 6024 is running
[2021-7-6 0:15:42] -PID=>2408- [INFO {2408] [MODULE::__CONFIG] => was initialize
[2021-7-6 0:15:42] -PID=>2408- [INFO {2408] [MODULE::ThreadControl] => Worker 2408 started
[2021-7-6 0:15:42] -PID=>10188- [INFO {10188] [MODULE::__CONFIG] => was initialize
[2021-7-6 0:15:42] -PID=>10188- [INFO {10188] [MODULE::ThreadControl] => Worker 10188 started
[2021-7-6 0:15:42] -PID=>14020- [INFO {14020] [MODULE::__CONFIG] => was initialize
[2021-7-6 0:15:42] -PID=>14020- [INFO {14020] [MODULE::ThreadControl] => Worker 14020 started
[2021-7-6 0:15:42] -PID=>11904- [INFO {11904] [MODULE::__CONFIG] => was initialize
[2021-7-6 0:15:42] -PID=>11904- [INFO {11904] [MODULE::ThreadControl] => Worker 11904 started
[2021-7-6 0:15:57] -PID=>3048- [INFO {3048] [MODULE::__CONFIG] => was initialize
[2021-7-6 0:15:57] -PID=>3048- [INFO {3048] [MODULE::ThreadControl] => Master 3048 is running
[2021-7-6 0:15:58] -PID=>9392- [INFO {9392] [MODULE::__CONFIG] => was initialize
[2021-7-6 0:15:58] -PID=>9392- [INFO {9392] [MODULE::ThreadControl] => Worker 9392 started
[2021-7-6 0:15:58] -PID=>10424- [INFO {10424] [MODULE::__CONFIG] => was initialize
[2021-7-6 0:15:58] -PID=>10424- [INFO {10424] [MODULE::ThreadControl] => Worker 10424 started
[2021-7-6 0:15:58] -PID=>11832- [INFO {11832] [MODULE::__CONFIG] => was initialize
[2021-7-6 0:15:58] -PID=>7888- [INFO {7888] [MODULE::__CONFIG] => was initialize
[2021-7-6 0:15:58] -PID=>11832- [INFO {11832] [MODULE::ThreadControl] => Worker 11832 started
[2021-7-6 0:15:58] -PID=>7888- [INFO {7888] [MODULE::ThreadControl] => Worker 7888 started
[2021-7-6 0:16:40] -PID=>5608- [INFO {5608] [MODULE::__CONFIG] => was initialize
[2021-7-6 0:16:40] -PID=>5608- [INFO {5608] [MODULE::ThreadControl] => Master 5608 is running
[2021-7-6 0:16:40] -PID=>10716- [INFO {10716] [MODULE::__CONFIG] => was initialize
[2021-7-6 0:16:40] -PID=>10716- [INFO {10716] [MODULE::ThreadControl] => Worker 10716 started
[2021-7-6 0:16:40] -PID=>11880- [INFO {11880] [MODULE::__CONFIG] => was initialize
[2021-7-6 0:16:40] -PID=>11880- [INFO {11880] [MODULE::ThreadControl] => Worker 11880 started
[2021-7-6 0:16:40] -PID=>8184- [INFO {8184] [MODULE::__CONFIG] => was initialize
[2021-7-6 0:16:40] -PID=>8184- [INFO {8184] [MODULE::ThreadControl] => Worker 8184 started
[2021-7-6 0:16:40] -PID=>10868- [INFO {10868] [MODULE::__CONFIG] => was initialize
[2021-7-6 0:16:40] -PID=>10868- [INFO {10868] [MODULE::ThreadControl] => Worker 10868 started
[2021-7-6 0:16:44] -PID=>6892- [INFO {6892] [MODULE::__CONFIG] => was initialize
[2021-7-6 0:16:44] -PID=>6892- [INFO {6892] [MODULE::ThreadControl] => Master 6892 is running
[2021-7-6 0:16:44] -PID=>9608- [INFO {9608] [MODULE::__CONFIG] => was initialize
[2021-7-6 0:16:44] -PID=>9608- [INFO {9608] [MODULE::ThreadControl] => Worker 9608 started
[2021-7-6 0:16:44] -PID=>13284- [INFO {13284] [MODULE::__CONFIG] => was initialize
[2021-7-6 0:16:44] -PID=>13284- [INFO {13284] [MODULE::ThreadControl] => Worker 13284 started
[2021-7-6 0:16:44] -PID=>10348- [INFO {10348] [MODULE::__CONFIG] => was initialize
[2021-7-6 0:16:44] -PID=>10348- [INFO {10348] [MODULE::ThreadControl] => Worker 10348 started
[2021-7-6 0:16:44] -PID=>11380- [INFO {11380] [MODULE::__CONFIG] => was initialize
[2021-7-6 0:16:44] -PID=>11380- [INFO {11380] [MODULE::ThreadControl] => Worker 11380 started
[2021-7-6 0:16:45] -PID=>14108- [INFO {14108] [MODULE::__CONFIG] => was initialize
[2021-7-6 0:16:45] -PID=>14108- [INFO {14108] [MODULE::ThreadControl] => Master 14108 is running
[2021-7-6 0:16:46] -PID=>3348- [INFO {3348] [MODULE::__CONFIG] => was initialize
[2021-7-6 0:16:46] -PID=>3348- [INFO {3348] [MODULE::ThreadControl] => Worker 3348 started
[2021-7-6 0:16:46] -PID=>11840- [INFO {11840] [MODULE::__CONFIG] => was initialize
[2021-7-6 0:16:46] -PID=>11840- [INFO {11840] [MODULE::ThreadControl] => Worker 11840 started
[2021-7-6 0:16:46] -PID=>1560- [INFO {1560] [MODULE::__CONFIG] => was initialize
[2021-7-6 0:16:46] -PID=>1560- [INFO {1560] [MODULE::ThreadControl] => Worker 1560 started
[2021-7-6 0:16:46] -PID=>14124- [INFO {14124] [MODULE::__CONFIG] => was initialize
[2021-7-6 0:16:46] -PID=>14124- [INFO {14124] [MODULE::ThreadControl] => Worker 14124 started
[2021-7-6 0:16:55] -PID=>3548- [INFO {3548] [MODULE::__CONFIG] => was initialize
[2021-7-6 0:16:55] -PID=>3548- [INFO {3548] [MODULE::ThreadControl] => Master 3548 is running
[2021-7-6 0:16:55] -PID=>6640- [INFO {6640] [MODULE::__CONFIG] => was initialize
[2021-7-6 0:16:55] -PID=>6640- [INFO {6640] [MODULE::ThreadControl] => Worker 6640 started
[2021-7-6 0:16:55] -PID=>13308- [INFO {13308] [MODULE::__CONFIG] => was initialize
[2021-7-6 0:16:55] -PID=>13308- [INFO {13308] [MODULE::ThreadControl] => Worker 13308 started
[2021-7-6 0:16:55] -PID=>9876- [INFO {9876] [MODULE::__CONFIG] => was initialize
[2021-7-6 0:16:55] -PID=>9876- [INFO {9876] [MODULE::ThreadControl] => Worker 9876 started
[2021-7-6 0:16:55] -PID=>9336- [INFO {9336] [MODULE::__CONFIG] => was initialize
[2021-7-6 0:16:55] -PID=>9336- [INFO {9336] [MODULE::ThreadControl] => Worker 9336 started
[2021-7-6 0:17:9] -PID=>4944- [INFO {4944] [MODULE::__CONFIG] => was initialize
[2021-7-6 0:17:9] -PID=>4944- [INFO {4944] [MODULE::ThreadControl] => Master 4944 is running
[2021-7-6 0:17:10] -PID=>14260- [INFO {14260] [MODULE::__CONFIG] => was initialize
[2021-7-6 0:17:10] -PID=>14260- [INFO {14260] [MODULE::ThreadControl] => Worker 14260 started
[2021-7-6 0:17:10] -PID=>5580- [INFO {5580] [MODULE::__CONFIG] => was initialize
[2021-7-6 0:17:10] -PID=>5580- [INFO {5580] [MODULE::ThreadControl] => Worker 5580 started
[2021-7-6 0:17:10] -PID=>12592- [INFO {12592] [MODULE::__CONFIG] => was initialize
[2021-7-6 0:17:10] -PID=>12592- [INFO {12592] [MODULE::ThreadControl] => Worker 12592 started
[2021-7-6 0:17:10] -PID=>9352- [INFO {9352] [MODULE::__CONFIG] => was initialize
[2021-7-6 0:17:10] -PID=>9352- [INFO {9352] [MODULE::ThreadControl] => Worker 9352 started
[2021-7-6 0:17:21] -PID=>1432- [INFO {1432] [MODULE::__CONFIG] => was initialize
[2021-7-6 0:17:21] -PID=>1432- [INFO {1432] [MODULE::ThreadControl] => Master 1432 is running
[2021-7-6 0:17:21] -PID=>13096- [INFO {13096] [MODULE::__CONFIG] => was initialize
[2021-7-6 0:17:21] -PID=>13096- [INFO {13096] [MODULE::ThreadControl] => Worker 13096 started
[2021-7-6 0:17:21] -PID=>10344- [INFO {10344] [MODULE::__CONFIG] => was initialize
[2021-7-6 0:17:21] -PID=>10344- [INFO {10344] [MODULE::ThreadControl] => Worker 10344 started
[2021-7-6 0:17:21] -PID=>9788- [INFO {9788] [MODULE::__CONFIG] => was initialize
[2021-7-6 0:17:21] -PID=>9788- [INFO {9788] [MODULE::ThreadControl] => Worker 9788 started
[2021-7-6 0:17:21] -PID=>13064- [INFO {13064] [MODULE::__CONFIG] => was initialize
[2021-7-6 0:17:21] -PID=>13064- [INFO {13064] [MODULE::ThreadControl] => Worker 13064 started
[2021-7-6 0:17:36] -PID=>10732- [INFO {10732] [MODULE::__CONFIG] => was initialize
[2021-7-6 0:17:36] -PID=>10732- [INFO {10732] [MODULE::ThreadControl] => Master 10732 is running
[2021-7-6 0:17:36] -PID=>11108- [INFO {11108] [MODULE::__CONFIG] => was initialize
[2021-7-6 0:17:36] -PID=>11108- [INFO {11108] [MODULE::ThreadControl] => Worker 11108 started
[2021-7-6 0:17:36] -PID=>5916- [INFO {5916] [MODULE::__CONFIG] => was initialize
[2021-7-6 0:17:36] -PID=>5916- [INFO {5916] [MODULE::ThreadControl] => Worker 5916 started
[2021-7-6 0:17:36] -PID=>5808- [INFO {5808] [MODULE::__CONFIG] => was initialize
[2021-7-6 0:17:36] -PID=>5808- [INFO {5808] [MODULE::ThreadControl] => Worker 5808 started
[2021-7-6 0:17:36] -PID=>9704- [INFO {9704] [MODULE::__CONFIG] => was initialize
[2021-7-6 0:17:36] -PID=>9704- [INFO {9704] [MODULE::ThreadControl] => Worker 9704 started
[2021-7-6 0:17:50] -PID=>5340- [INFO {5340] [MODULE::__CONFIG] => was initialize
[2021-7-6 0:17:50] -PID=>5340- [INFO {5340] [MODULE::ThreadControl] => Master 5340 is running
[2021-7-6 0:17:51] -PID=>11668- [INFO {11668] [MODULE::__CONFIG] => was initialize
[2021-7-6 0:17:51] -PID=>11668- [INFO {11668] [MODULE::ThreadControl] => Worker 11668 started
[2021-7-6 0:17:51] -PID=>10424- [INFO {10424] [MODULE::__CONFIG] => was initialize
[2021-7-6 0:17:51] -PID=>10424- [INFO {10424] [MODULE::ThreadControl] => Worker 10424 started
[2021-7-6 0:17:51] -PID=>7688- [INFO {7688] [MODULE::__CONFIG] => was initialize
[2021-7-6 0:17:51] -PID=>7688- [INFO {7688] [MODULE::ThreadControl] => Worker 7688 started
[2021-7-6 0:17:51] -PID=>12636- [INFO {12636] [MODULE::__CONFIG] => was initialize
[2021-7-6 0:17:51] -PID=>12636- [INFO {12636] [MODULE::ThreadControl] => Worker 12636 started
[2021-7-6 0:17:50] -PID=>5340- [INFO {5340] [MODULE::ThreadControl] => worker is dead true
[2021-7-6 0:17:50] -PID=>5340- [INFO {5340] [MODULE::ThreadControl] => worker is dead true
[2021-7-6 0:40:39] -PID=>9932- [INFO {9932] [MODULE::__CONFIG] => was initialize
[2021-7-6 0:40:39] -PID=>9932- [INFO {9932] [MODULE::ThreadControl] => Master 9932 is running
[2021-7-6 0:40:39] -PID=>13980- [INFO {13980] [MODULE::__CONFIG] => was initialize
[2021-7-6 0:40:39] -PID=>13980- [INFO {13980] [MODULE::ThreadControl] => Worker 13980 started
[2021-7-6 0:40:39] -PID=>13644- [INFO {13644] [MODULE::__CONFIG] => was initialize
[2021-7-6 0:40:39] -PID=>13644- [INFO {13644] [MODULE::ThreadControl] => Worker 13644 started
[2021-7-6 0:40:39] -PID=>5256- [INFO {5256] [MODULE::__CONFIG] => was initialize
[2021-7-6 0:40:39] -PID=>5256- [INFO {5256] [MODULE::ThreadControl] => Worker 5256 started
[2021-7-6 0:40:39] -PID=>14108- [INFO {14108] [MODULE::__CONFIG] => was initialize
[2021-7-6 0:40:39] -PID=>14108- [INFO {14108] [MODULE::ThreadControl] => Worker 14108 started
[2021-7-6 0:40:39] -PID=>9932- [INFO {9932] [MODULE::ThreadControl] => worker is dead true
[2021-7-6 0:40:39] -PID=>9932- [INFO {9932] [MODULE::ThreadControl] => worker is dead true
[2021-7-6 0:40:39] -PID=>9932- [INFO {9932] [MODULE::ThreadControl] => worker is dead true
[2021-7-6 0:41:18] -PID=>6768- [INFO {6768] [MODULE::__CONFIG] => was initialize
[2021-7-6 0:41:18] -PID=>6768- [INFO {6768] [MODULE::ThreadControl] => Master 6768 is running
[2021-7-6 0:41:19] -PID=>7812- [INFO {7812] [MODULE::__CONFIG] => was initialize
[2021-7-6 0:41:19] -PID=>7812- [INFO {7812] [MODULE::ThreadControl] => Worker 7812 started
[2021-7-6 0:41:19] -PID=>12536- [INFO {12536] [MODULE::__CONFIG] => was initialize
[2021-7-6 0:41:19] -PID=>12536- [INFO {12536] [MODULE::ThreadControl] => Worker 12536 started
[2021-7-6 0:41:19] -PID=>13292- [INFO {13292] [MODULE::__CONFIG] => was initialize
[2021-7-6 0:41:19] -PID=>13292- [INFO {13292] [MODULE::ThreadControl] => Worker 13292 started
[2021-7-6 0:41:19] -PID=>3120- [INFO {3120] [MODULE::__CONFIG] => was initialize
[2021-7-6 0:41:19] -PID=>3120- [INFO {3120] [MODULE::ThreadControl] => Worker 3120 started
[2021-7-6 0:41:31] -PID=>1836- [INFO {1836] [MODULE::__CONFIG] => was initialize
[2021-7-6 0:41:31] -PID=>1836- [INFO {1836] [MODULE::ThreadControl] => Master 1836 is running
[2021-7-6 0:41:31] -PID=>14016- [INFO {14016] [MODULE::__CONFIG] => was initialize
[2021-7-6 0:41:31] -PID=>14016- [INFO {14016] [MODULE::ThreadControl] => Worker 14016 started
[2021-7-6 0:41:31] -PID=>3324- [INFO {3324] [MODULE::__CONFIG] => was initialize
[2021-7-6 0:41:31] -PID=>3324- [INFO {3324] [MODULE::ThreadControl] => Worker 3324 started
[2021-7-6 0:41:31] -PID=>6956- [INFO {6956] [MODULE::__CONFIG] => was initialize
[2021-7-6 0:41:31] -PID=>6956- [INFO {6956] [MODULE::ThreadControl] => Worker 6956 started
[2021-7-6 0:41:31] -PID=>9024- [INFO {9024] [MODULE::__CONFIG] => was initialize
[2021-7-6 0:41:31] -PID=>9024- [INFO {9024] [MODULE::ThreadControl] => Worker 9024 started
[2021-7-6 0:41:38] -PID=>10584- [INFO {10584] [MODULE::__CONFIG] => was initialize
[2021-7-6 0:41:38] -PID=>10584- [INFO {10584] [MODULE::ThreadControl] => Master 10584 is running
[2021-7-6 0:41:38] -PID=>6440- [INFO {6440] [MODULE::__CONFIG] => was initialize
[2021-7-6 0:41:38] -PID=>6440- [INFO {6440] [MODULE::ThreadControl] => Worker 6440 started
[2021-7-6 0:41:38] -PID=>6172- [INFO {6172] [MODULE::__CONFIG] => was initialize
[2021-7-6 0:41:38] -PID=>6172- [INFO {6172] [MODULE::ThreadControl] => Worker 6172 started
[2021-7-6 0:41:38] -PID=>2416- [INFO {2416] [MODULE::__CONFIG] => was initialize
[2021-7-6 0:41:38] -PID=>2416- [INFO {2416] [MODULE::ThreadControl] => Worker 2416 started
[2021-7-6 0:41:38] -PID=>13364- [INFO {13364] [MODULE::__CONFIG] => was initialize
[2021-7-6 0:41:38] -PID=>13364- [INFO {13364] [MODULE::ThreadControl] => Worker 13364 started
[2021-7-6 0:51:58] -PID=>13368- [INFO {13368] [MODULE::__CONFIG] => was initialize
[2021-7-6 0:51:58] -PID=>13368- [INFO {13368] [MODULE::ThreadControl] => Master 13368 is running
[2021-7-6 0:51:58] -PID=>7908- [INFO {7908] [MODULE::__CONFIG] => was initialize
[2021-7-6 0:51:58] -PID=>7908- [INFO {7908] [MODULE::ThreadControl] => Worker 7908 started
[2021-7-6 0:51:58] -PID=>5896- [INFO {5896] [MODULE::__CONFIG] => was initialize
[2021-7-6 0:51:58] -PID=>5896- [INFO {5896] [MODULE::ThreadControl] => Worker 5896 started
[2021-7-6 0:51:58] -PID=>5784- [INFO {5784] [MODULE::__CONFIG] => was initialize
[2021-7-6 0:51:58] -PID=>5784- [INFO {5784] [MODULE::ThreadControl] => Worker 5784 started
[2021-7-6 0:51:58] -PID=>9280- [INFO {9280] [MODULE::__CONFIG] => was initialize
[2021-7-6 0:51:58] -PID=>9280- [INFO {9280] [MODULE::ThreadControl] => Worker 9280 started
[2021-7-6 0:52:7] -PID=>9652- [INFO {9652] [MODULE::__CONFIG] => was initialize
[2021-7-6 0:52:7] -PID=>9652- [INFO {9652] [MODULE::ThreadControl] => Master 9652 is running
[2021-7-6 0:52:7] -PID=>12004- [INFO {12004] [MODULE::__CONFIG] => was initialize
[2021-7-6 0:52:7] -PID=>12004- [INFO {12004] [MODULE::ThreadControl] => Worker 12004 started
[2021-7-6 0:52:7] -PID=>10812- [INFO {10812] [MODULE::__CONFIG] => was initialize
[2021-7-6 0:52:7] -PID=>10812- [INFO {10812] [MODULE::ThreadControl] => Worker 10812 started
[2021-7-6 0:52:7] -PID=>13024- [INFO {13024] [MODULE::__CONFIG] => was initialize
[2021-7-6 0:52:7] -PID=>13024- [INFO {13024] [MODULE::ThreadControl] => Worker 13024 started
[2021-7-6 0:52:7] -PID=>11380- [INFO {11380] [MODULE::__CONFIG] => was initialize
[2021-7-6 0:52:7] -PID=>11380- [INFO {11380] [MODULE::ThreadControl] => Worker 11380 started
[2021-7-6 0:52:23] -PID=>444- [INFO {444] [MODULE::__CONFIG] => was initialize
[2021-7-6 0:52:23] -PID=>444- [INFO {444] [MODULE::ThreadControl] => Master 444 is running
[2021-7-6 0:52:23] -PID=>8788- [INFO {8788] [MODULE::__CONFIG] => was initialize
[2021-7-6 0:52:23] -PID=>8788- [INFO {8788] [MODULE::ThreadControl] => Worker 8788 started
[2021-7-6 0:52:23] -PID=>4720- [INFO {4720] [MODULE::__CONFIG] => was initialize
[2021-7-6 0:52:23] -PID=>4720- [INFO {4720] [MODULE::ThreadControl] => Worker 4720 started
[2021-7-6 0:52:23] -PID=>13996- [INFO {13996] [MODULE::__CONFIG] => was initialize
[2021-7-6 0:52:23] -PID=>13996- [INFO {13996] [MODULE::ThreadControl] => Worker 13996 started
[2021-7-6 0:52:23] -PID=>9824- [INFO {9824] [MODULE::__CONFIG] => was initialize
[2021-7-6 0:52:23] -PID=>9824- [INFO {9824] [MODULE::ThreadControl] => Worker 9824 started
[2021-7-6 0:52:27] -PID=>14204- [INFO {14204] [MODULE::__CONFIG] => was initialize
[2021-7-6 0:52:27] -PID=>14204- [INFO {14204] [MODULE::ThreadControl] => Master 14204 is running
[2021-7-6 0:52:28] -PID=>10012- [INFO {10012] [MODULE::__CONFIG] => was initialize
[2021-7-6 0:52:28] -PID=>10012- [INFO {10012] [MODULE::ThreadControl] => Worker 10012 started
[2021-7-6 0:52:28] -PID=>9336- [INFO {9336] [MODULE::__CONFIG] => was initialize
[2021-7-6 0:52:28] -PID=>9336- [INFO {9336] [MODULE::ThreadControl] => Worker 9336 started
[2021-7-6 0:52:28] -PID=>12280- [INFO {12280] [MODULE::__CONFIG] => was initialize
[2021-7-6 0:52:28] -PID=>12280- [INFO {12280] [MODULE::ThreadControl] => Worker 12280 started
[2021-7-6 0:52:28] -PID=>5056- [INFO {5056] [MODULE::__CONFIG] => was initialize
[2021-7-6 0:52:28] -PID=>5056- [INFO {5056] [MODULE::ThreadControl] => Worker 5056 started
[2021-7-6 0:52:45] -PID=>11624- [INFO {11624] [MODULE::__CONFIG] => was initialize
[2021-7-6 0:52:45] -PID=>11624- [INFO {11624] [MODULE::ThreadControl] => Master 11624 is running
[2021-7-6 0:52:46] -PID=>12988- [INFO {12988] [MODULE::__CONFIG] => was initialize
[2021-7-6 0:52:46] -PID=>12988- [INFO {12988] [MODULE::ThreadControl] => Worker 12988 started
[2021-7-6 0:52:46] -PID=>6444- [INFO {6444] [MODULE::__CONFIG] => was initialize
[2021-7-6 0:52:46] -PID=>6444- [INFO {6444] [MODULE::ThreadControl] => Worker 6444 started
[2021-7-6 0:52:46] -PID=>6208- [INFO {6208] [MODULE::__CONFIG] => was initialize
[2021-7-6 0:52:46] -PID=>6208- [INFO {6208] [MODULE::ThreadControl] => Worker 6208 started
[2021-7-6 0:52:46] -PID=>5268- [INFO {5268] [MODULE::__CONFIG] => was initialize
[2021-7-6 0:52:46] -PID=>5268- [INFO {5268] [MODULE::ThreadControl] => Worker 5268 started
[2021-7-6 0:53:4] -PID=>7744- [INFO {7744] [MODULE::__CONFIG] => was initialize
[2021-7-6 0:53:4] -PID=>7744- [INFO {7744] [MODULE::ThreadControl] => Master 7744 is running
[2021-7-6 0:53:4] -PID=>2332- [INFO {2332] [MODULE::__CONFIG] => was initialize
[2021-7-6 0:53:4] -PID=>2332- [INFO {2332] [MODULE::ThreadControl] => Worker 2332 started
[2021-7-6 0:53:4] -PID=>10836- [INFO {10836] [MODULE::__CONFIG] => was initialize
[2021-7-6 0:53:4] -PID=>10836- [INFO {10836] [MODULE::ThreadControl] => Worker 10836 started
[2021-7-6 0:53:4] -PID=>8104- [INFO {8104] [MODULE::__CONFIG] => was initialize
[2021-7-6 0:53:4] -PID=>8104- [INFO {8104] [MODULE::ThreadControl] => Worker 8104 started
[2021-7-6 0:53:4] -PID=>5308- [INFO {5308] [MODULE::__CONFIG] => was initialize
[2021-7-6 0:53:4] -PID=>5308- [INFO {5308] [MODULE::ThreadControl] => Worker 5308 started
[2021-7-6 0:53:8] -PID=>6696- [INFO {6696] [MODULE::__CONFIG] => was initialize
[2021-7-6 0:53:8] -PID=>6696- [INFO {6696] [MODULE::ThreadControl] => Master 6696 is running
[2021-7-6 0:53:8] -PID=>12364- [INFO {12364] [MODULE::__CONFIG] => was initialize
[2021-7-6 0:53:8] -PID=>12364- [INFO {12364] [MODULE::ThreadControl] => Worker 12364 started
[2021-7-6 0:53:8] -PID=>13796- [INFO {13796] [MODULE::__CONFIG] => was initialize
[2021-7-6 0:53:8] -PID=>13796- [INFO {13796] [MODULE::ThreadControl] => Worker 13796 started
[2021-7-6 0:53:8] -PID=>4076- [INFO {4076] [MODULE::__CONFIG] => was initialize
[2021-7-6 0:53:8] -PID=>4076- [INFO {4076] [MODULE::ThreadControl] => Worker 4076 started
[2021-7-6 0:53:8] -PID=>11860- [INFO {11860] [MODULE::__CONFIG] => was initialize
[2021-7-6 0:53:8] -PID=>11860- [INFO {11860] [MODULE::ThreadControl] => Worker 11860 started
[2021-7-6 0:53:33] -PID=>12540- [INFO {12540] [MODULE::__CONFIG] => was initialize
[2021-7-6 0:53:33] -PID=>12540- [INFO {12540] [MODULE::ThreadControl] => Master 12540 is running
[2021-7-6 0:53:34] -PID=>14196- [INFO {14196] [MODULE::__CONFIG] => was initialize
[2021-7-6 0:53:34] -PID=>14196- [INFO {14196] [MODULE::ThreadControl] => Worker 14196 started
[2021-7-6 0:53:34] -PID=>13896- [INFO {13896] [MODULE::__CONFIG] => was initialize
[2021-7-6 0:53:34] -PID=>13896- [INFO {13896] [MODULE::ThreadControl] => Worker 13896 started
[2021-7-6 0:53:34] -PID=>8628- [INFO {8628] [MODULE::__CONFIG] => was initialize
[2021-7-6 0:53:34] -PID=>8628- [INFO {8628] [MODULE::ThreadControl] => Worker 8628 started
[2021-7-6 0:53:34] -PID=>13964- [INFO {13964] [MODULE::__CONFIG] => was initialize
[2021-7-6 0:53:34] -PID=>13964- [INFO {13964] [MODULE::ThreadControl] => Worker 13964 started
[2021-7-6 0:53:40] -PID=>11168- [INFO {11168] [MODULE::__CONFIG] => was initialize
[2021-7-6 0:53:40] -PID=>11168- [INFO {11168] [MODULE::ThreadControl] => Master 11168 is running
[2021-7-6 0:53:40] -PID=>5716- [INFO {5716] [MODULE::__CONFIG] => was initialize
[2021-7-6 0:53:40] -PID=>5716- [INFO {5716] [MODULE::ThreadControl] => Worker 5716 started
[2021-7-6 0:53:40] -PID=>13024- [INFO {13024] [MODULE::__CONFIG] => was initialize
[2021-7-6 0:53:40] -PID=>13024- [INFO {13024] [MODULE::ThreadControl] => Worker 13024 started
[2021-7-6 0:53:40] -PID=>3092- [INFO {3092] [MODULE::__CONFIG] => was initialize
[2021-7-6 0:53:40] -PID=>3092- [INFO {3092] [MODULE::ThreadControl] => Worker 3092 started
[2021-7-6 0:53:40] -PID=>13140- [INFO {13140] [MODULE::__CONFIG] => was initialize
[2021-7-6 0:53:40] -PID=>13140- [INFO {13140] [MODULE::ThreadControl] => Worker 13140 started
[2021-7-6 0:53:47] -PID=>13692- [INFO {13692] [MODULE::__CONFIG] => was initialize
[2021-7-6 0:53:47] -PID=>13692- [INFO {13692] [MODULE::ThreadControl] => Master 13692 is running
[2021-7-6 0:53:48] -PID=>6968- [INFO {6968] [MODULE::__CONFIG] => was initialize
[2021-7-6 0:53:48] -PID=>6968- [INFO {6968] [MODULE::ThreadControl] => Worker 6968 started
[2021-7-6 0:53:48] -PID=>9144- [INFO {9144] [MODULE::__CONFIG] => was initialize
[2021-7-6 0:53:48] -PID=>9144- [INFO {9144] [MODULE::ThreadControl] => Worker 9144 started
[2021-7-6 0:53:48] -PID=>10748- [INFO {10748] [MODULE::__CONFIG] => was initialize
[2021-7-6 0:53:48] -PID=>10748- [INFO {10748] [MODULE::ThreadControl] => Worker 10748 started
[2021-7-6 0:53:48] -PID=>5132- [INFO {5132] [MODULE::__CONFIG] => was initialize
[2021-7-6 0:53:48] -PID=>5132- [INFO {5132] [MODULE::ThreadControl] => Worker 5132 started
[2021-7-6 0:53:56] -PID=>12192- [INFO {12192] [MODULE::__CONFIG] => was initialize
[2021-7-6 0:53:56] -PID=>12192- [INFO {12192] [MODULE::ThreadControl] => Master 12192 is running
[2021-7-6 0:53:56] -PID=>13352- [INFO {13352] [MODULE::__CONFIG] => was initialize
[2021-7-6 0:53:56] -PID=>13352- [INFO {13352] [MODULE::ThreadControl] => Worker 13352 started
[2021-7-6 0:53:56] -PID=>7900- [INFO {7900] [MODULE::__CONFIG] => was initialize
[2021-7-6 0:53:56] -PID=>7900- [INFO {7900] [MODULE::ThreadControl] => Worker 7900 started
[2021-7-6 0:53:56] -PID=>5108- [INFO {5108] [MODULE::__CONFIG] => was initialize
[2021-7-6 0:53:56] -PID=>5108- [INFO {5108] [MODULE::ThreadControl] => Worker 5108 started
[2021-7-6 0:53:56] -PID=>8288- [INFO {8288] [MODULE::__CONFIG] => was initialize
[2021-7-6 0:53:56] -PID=>8288- [INFO {8288] [MODULE::ThreadControl] => Worker 8288 started
[2021-7-6 0:54:3] -PID=>14212- [INFO {14212] [MODULE::__CONFIG] => was initialize
[2021-7-6 0:54:3] -PID=>14212- [INFO {14212] [MODULE::ThreadControl] => Master 14212 is running
[2021-7-6 0:54:3] -PID=>3356- [INFO {3356] [MODULE::__CONFIG] => was initialize
[2021-7-6 0:54:3] -PID=>3356- [INFO {3356] [MODULE::ThreadControl] => Worker 3356 started
[2021-7-6 0:54:3] -PID=>9212- [INFO {9212] [MODULE::__CONFIG] => was initialize
[2021-7-6 0:54:3] -PID=>9212- [INFO {9212] [MODULE::ThreadControl] => Worker 9212 started
[2021-7-6 0:54:4] -PID=>4276- [INFO {4276] [MODULE::__CONFIG] => was initialize
[2021-7-6 0:54:4] -PID=>4276- [INFO {4276] [MODULE::ThreadControl] => Worker 4276 started
[2021-7-6 0:54:4] -PID=>2756- [INFO {2756] [MODULE::__CONFIG] => was initialize
[2021-7-6 0:54:4] -PID=>2756- [INFO {2756] [MODULE::ThreadControl] => Worker 2756 started
[2021-7-6 0:54:14] -PID=>13664- [INFO {13664] [MODULE::__CONFIG] => was initialize
[2021-7-6 0:54:14] -PID=>13664- [INFO {13664] [MODULE::ThreadControl] => Master 13664 is running
[2021-7-6 0:54:14] -PID=>11476- [INFO {11476] [MODULE::__CONFIG] => was initialize
[2021-7-6 0:54:14] -PID=>11476- [INFO {11476] [MODULE::ThreadControl] => Worker 11476 started
[2021-7-6 0:54:14] -PID=>1876- [INFO {1876] [MODULE::__CONFIG] => was initialize
[2021-7-6 0:54:14] -PID=>1876- [INFO {1876] [MODULE::ThreadControl] => Worker 1876 started
[2021-7-6 0:54:14] -PID=>4368- [INFO {4368] [MODULE::__CONFIG] => was initialize
[2021-7-6 0:54:14] -PID=>4368- [INFO {4368] [MODULE::ThreadControl] => Worker 4368 started
[2021-7-6 0:54:14] -PID=>13372- [INFO {13372] [MODULE::__CONFIG] => was initialize
[2021-7-6 0:54:14] -PID=>13372- [INFO {13372] [MODULE::ThreadControl] => Worker 13372 started
[2021-7-6 0:54:49] -PID=>6992- [INFO {6992] [MODULE::__CONFIG] => was initialize
[2021-7-6 0:54:49] -PID=>6992- [INFO {6992] [MODULE::ThreadControl] => Master 6992 is running
[2021-7-6 0:54:50] -PID=>13224- [INFO {13224] [MODULE::__CONFIG] => was initialize
[2021-7-6 0:54:50] -PID=>13224- [INFO {13224] [MODULE::ThreadControl] => Worker 13224 started
[2021-7-6 0:54:50] -PID=>6088- [INFO {6088] [MODULE::__CONFIG] => was initialize
[2021-7-6 0:54:50] -PID=>6088- [INFO {6088] [MODULE::ThreadControl] => Worker 6088 started
[2021-7-6 0:54:50] -PID=>10492- [INFO {10492] [MODULE::__CONFIG] => was initialize
[2021-7-6 0:54:50] -PID=>10492- [INFO {10492] [MODULE::ThreadControl] => Worker 10492 started
[2021-7-6 0:54:50] -PID=>7480- [INFO {7480] [MODULE::__CONFIG] => was initialize
[2021-7-6 0:54:50] -PID=>7480- [INFO {7480] [MODULE::ThreadControl] => Worker 7480 started
[2021-7-6 0:54:52] -PID=>8540- [INFO {8540] [MODULE::__CONFIG] => was initialize
[2021-7-6 0:54:52] -PID=>8540- [INFO {8540] [MODULE::ThreadControl] => Master 8540 is running
[2021-7-6 0:54:52] -PID=>3140- [INFO {3140] [MODULE::__CONFIG] => was initialize
[2021-7-6 0:54:52] -PID=>3140- [INFO {3140] [MODULE::ThreadControl] => Worker 3140 started
[2021-7-6 0:54:52] -PID=>4724- [INFO {4724] [MODULE::__CONFIG] => was initialize
[2021-7-6 0:54:52] -PID=>4724- [INFO {4724] [MODULE::ThreadControl] => Worker 4724 started
[2021-7-6 0:54:52] -PID=>1420- [INFO {1420] [MODULE::__CONFIG] => was initialize
[2021-7-6 0:54:52] -PID=>1420- [INFO {1420] [MODULE::ThreadControl] => Worker 1420 started
[2021-7-6 0:54:52] -PID=>916- [INFO {916] [MODULE::__CONFIG] => was initialize
[2021-7-6 0:54:52] -PID=>916- [INFO {916] [MODULE::ThreadControl] => Worker 916 started
[2021-7-6 0:55:25] -PID=>5024- [INFO {5024] [MODULE::__CONFIG] => was initialize
[2021-7-6 0:55:25] -PID=>5024- [INFO {5024] [MODULE::ThreadControl] => Master 5024 is running
[2021-7-6 0:55:25] -PID=>12540- [INFO {12540] [MODULE::__CONFIG] => was initialize
[2021-7-6 0:55:25] -PID=>12540- [INFO {12540] [MODULE::ThreadControl] => Worker 12540 started
[2021-7-6 0:55:25] -PID=>14192- [INFO {14192] [MODULE::__CONFIG] => was initialize
[2021-7-6 0:55:25] -PID=>14192- [INFO {14192] [MODULE::ThreadControl] => Worker 14192 started
[2021-7-6 0:55:25] -PID=>10620- [INFO {10620] [MODULE::__CONFIG] => was initialize
[2021-7-6 0:55:25] -PID=>10620- [INFO {10620] [MODULE::ThreadControl] => Worker 10620 started
[2021-7-6 0:55:25] -PID=>3732- [INFO {3732] [MODULE::__CONFIG] => was initialize
[2021-7-6 0:55:25] -PID=>3732- [INFO {3732] [MODULE::ThreadControl] => Worker 3732 started
[2021-7-6 0:55:32] -PID=>13024- [INFO {13024] [MODULE::__CONFIG] => was initialize
[2021-7-6 0:55:32] -PID=>13024- [INFO {13024] [MODULE::ThreadControl] => Master 13024 is running
[2021-7-6 0:55:32] -PID=>13680- [INFO {13680] [MODULE::__CONFIG] => was initialize
[2021-7-6 0:55:32] -PID=>13680- [INFO {13680] [MODULE::ThreadControl] => Worker 13680 started
[2021-7-6 0:55:32] -PID=>6108- [INFO {6108] [MODULE::__CONFIG] => was initialize
[2021-7-6 0:55:32] -PID=>6108- [INFO {6108] [MODULE::ThreadControl] => Worker 6108 started
[2021-7-6 0:55:32] -PID=>8792- [INFO {8792] [MODULE::__CONFIG] => was initialize
[2021-7-6 0:55:32] -PID=>8792- [INFO {8792] [MODULE::ThreadControl] => Worker 8792 started
[2021-7-6 0:55:32] -PID=>9984- [INFO {9984] [MODULE::__CONFIG] => was initialize
[2021-7-6 0:55:32] -PID=>9984- [INFO {9984] [MODULE::ThreadControl] => Worker 9984 started
[2021-7-6 0:56:5] -PID=>3932- [INFO {3932] [MODULE::__CONFIG] => was initialize
[2021-7-6 0:56:5] -PID=>3932- [INFO {3932] [MODULE::ThreadControl] => Master 3932 is running
[2021-7-6 0:56:5] -PID=>2500- [INFO {2500] [MODULE::__CONFIG] => was initialize
[2021-7-6 0:56:5] -PID=>2500- [INFO {2500] [MODULE::ThreadControl] => Worker 2500 started
[2021-7-6 0:56:5] -PID=>11332- [INFO {11332] [MODULE::__CONFIG] => was initialize
[2021-7-6 0:56:5] -PID=>11332- [INFO {11332] [MODULE::ThreadControl] => Worker 11332 started
[2021-7-6 0:56:5] -PID=>8096- [INFO {8096] [MODULE::__CONFIG] => was initialize
[2021-7-6 0:56:5] -PID=>8096- [INFO {8096] [MODULE::ThreadControl] => Worker 8096 started
[2021-7-6 0:56:5] -PID=>14236- [INFO {14236] [MODULE::__CONFIG] => was initialize
[2021-7-6 0:56:5] -PID=>14236- [INFO {14236] [MODULE::ThreadControl] => Worker 14236 started
[2021-7-6 0:58:2] -PID=>5136- [INFO {5136] [MODULE::__CONFIG] => was initialize
[2021-7-6 0:58:2] -PID=>5136- [INFO {5136] [MODULE::ThreadControl] => Master 5136 is running
[2021-7-6 0:58:2] -PID=>5136- [INFO {5136] [MODULE::ThreadControl] => worker is dead true
[2021-7-6 0:58:2] -PID=>5136- [INFO {5136] [MODULE::ThreadControl] => worker is dead true
[2021-7-6 0:58:2] -PID=>5136- [INFO {5136] [MODULE::ThreadControl] => worker is dead true
[2021-7-6 0:58:2] -PID=>5136- [INFO {5136] [MODULE::ThreadControl] => worker is dead true
[2021-7-6 0:58:31] -PID=>10808- [INFO {10808] [MODULE::__CONFIG] => was initialize
[2021-7-6 0:58:31] -PID=>10808- [INFO {10808] [MODULE::ThreadControl] => Master 10808 is running
[2021-7-6 0:58:31] -PID=>10808- [INFO {10808] [MODULE::ThreadControl] => worker is dead true
[2021-7-6 0:58:31] -PID=>10808- [INFO {10808] [MODULE::ThreadControl] => worker is dead true
[2021-7-6 0:58:31] -PID=>10808- [INFO {10808] [MODULE::ThreadControl] => worker is dead true
[2021-7-6 0:58:31] -PID=>10808- [INFO {10808] [MODULE::ThreadControl] => worker is dead true
[2021-7-6 0:59:0] -PID=>12700- [INFO {12700] [MODULE::__CONFIG] => was initialize
[2021-7-6 0:59:0] -PID=>12700- [INFO {12700] [MODULE::ThreadControl] => Master 12700 is running
[2021-7-6 0:59:1] -PID=>4128- [INFO {4128] [MODULE::__CONFIG] => was initialize
[2021-7-6 0:59:1] -PID=>4128- [INFO {4128] [MODULE::ThreadControl] => Worker 4128 started
[2021-7-6 0:59:1] -PID=>14016- [INFO {14016] [MODULE::__CONFIG] => was initialize
[2021-7-6 0:59:1] -PID=>14016- [INFO {14016] [MODULE::ThreadControl] => Worker 14016 started
[2021-7-6 0:59:1] -PID=>9444- [INFO {9444] [MODULE::__CONFIG] => was initialize
[2021-7-6 0:59:1] -PID=>9444- [INFO {9444] [MODULE::ThreadControl] => Worker 9444 started
[2021-7-6 0:59:1] -PID=>8804- [INFO {8804] [MODULE::__CONFIG] => was initialize
[2021-7-6 0:59:1] -PID=>8804- [INFO {8804] [MODULE::ThreadControl] => Worker 8804 started
[2021-7-6 0:59:31] -PID=>10468- [INFO {10468] [MODULE::__CONFIG] => was initialize
[2021-7-6 0:59:31] -PID=>10468- [INFO {10468] [MODULE::ThreadControl] => Master 10468 is running
[2021-7-6 0:59:31] -PID=>11344- [INFO {11344] [MODULE::__CONFIG] => was initialize
[2021-7-6 0:59:31] -PID=>11344- [INFO {11344] [MODULE::ThreadControl] => Worker 11344 started
[2021-7-6 0:59:31] -PID=>10168- [INFO {10168] [MODULE::__CONFIG] => was initialize
[2021-7-6 0:59:31] -PID=>10168- [INFO {10168] [MODULE::ThreadControl] => Worker 10168 started
[2021-7-6 0:59:31] -PID=>1484- [INFO {1484] [MODULE::__CONFIG] => was initialize
[2021-7-6 0:59:31] -PID=>1484- [INFO {1484] [MODULE::ThreadControl] => Worker 1484 started
[2021-7-6 0:59:31] -PID=>11508- [INFO {11508] [MODULE::__CONFIG] => was initialize
[2021-7-6 0:59:31] -PID=>11508- [INFO {11508] [MODULE::ThreadControl] => Worker 11508 started
[2021-7-6 0:59:47] -PID=>12640- [INFO {12640] [MODULE::__CONFIG] => was initialize
[2021-7-6 0:59:47] -PID=>12640- [INFO {12640] [MODULE::ThreadControl] => Master 12640 is running
[2021-7-6 0:59:47] -PID=>1160- [INFO {1160] [MODULE::__CONFIG] => was initialize
[2021-7-6 0:59:47] -PID=>1160- [INFO {1160] [MODULE::ThreadControl] => Worker 1160 started
[2021-7-6 0:59:47] -PID=>11636- [INFO {11636] [MODULE::__CONFIG] => was initialize
[2021-7-6 0:59:47] -PID=>11636- [INFO {11636] [MODULE::ThreadControl] => Worker 11636 started
[2021-7-6 0:59:47] -PID=>8000- [INFO {8000] [MODULE::__CONFIG] => was initialize
[2021-7-6 0:59:47] -PID=>8000- [INFO {8000] [MODULE::ThreadControl] => Worker 8000 started
[2021-7-6 0:59:47] -PID=>8060- [INFO {8060] [MODULE::__CONFIG] => was initialize
[2021-7-6 0:59:47] -PID=>8060- [INFO {8060] [MODULE::ThreadControl] => Worker 8060 started
[2021-7-6 0:59:52] -PID=>11588- [INFO {11588] [MODULE::__CONFIG] => was initialize
[2021-7-6 0:59:52] -PID=>11588- [INFO {11588] [MODULE::ThreadControl] => Master 11588 is running
[2021-7-6 0:59:52] -PID=>4088- [INFO {4088] [MODULE::__CONFIG] => was initialize
[2021-7-6 0:59:52] -PID=>4088- [INFO {4088] [MODULE::ThreadControl] => Worker 4088 started
[2021-7-6 0:59:52] -PID=>11108- [INFO {11108] [MODULE::__CONFIG] => was initialize
[2021-7-6 0:59:52] -PID=>11108- [INFO {11108] [MODULE::ThreadControl] => Worker 11108 started
[2021-7-6 0:59:52] -PID=>1052- [INFO {1052] [MODULE::__CONFIG] => was initialize
[2021-7-6 0:59:52] -PID=>1052- [INFO {1052] [MODULE::ThreadControl] => Worker 1052 started
[2021-7-6 0:59:52] -PID=>11876- [INFO {11876] [MODULE::__CONFIG] => was initialize
[2021-7-6 0:59:52] -PID=>11876- [INFO {11876] [MODULE::ThreadControl] => Worker 11876 started
[2021-7-6 0:59:56] -PID=>3692- [INFO {3692] [MODULE::__CONFIG] => was initialize
[2021-7-6 0:59:56] -PID=>3692- [INFO {3692] [MODULE::ThreadControl] => Master 3692 is running
[2021-7-6 0:59:56] -PID=>8884- [INFO {8884] [MODULE::__CONFIG] => was initialize
[2021-7-6 0:59:56] -PID=>8884- [INFO {8884] [MODULE::ThreadControl] => Worker 8884 started
[2021-7-6 0:59:56] -PID=>13728- [INFO {13728] [MODULE::__CONFIG] => was initialize
[2021-7-6 0:59:56] -PID=>13728- [INFO {13728] [MODULE::ThreadControl] => Worker 13728 started
[2021-7-6 0:59:56] -PID=>7260- [INFO {7260] [MODULE::__CONFIG] => was initialize
[2021-7-6 0:59:56] -PID=>7260- [INFO {7260] [MODULE::ThreadControl] => Worker 7260 started
[2021-7-6 0:59:56] -PID=>7752- [INFO {7752] [MODULE::__CONFIG] => was initialize
[2021-7-6 0:59:56] -PID=>7752- [INFO {7752] [MODULE::ThreadControl] => Worker 7752 started
[2021-7-6 1:1:22] -PID=>2280- [INFO {2280] [MODULE::__CONFIG] => was initialize
[2021-7-6 1:1:22] -PID=>2280- [INFO {2280] [MODULE::ThreadControl] => Master 2280 is running
[2021-7-6 1:1:22] -PID=>2280- [INFO {2280] [MODULE::ThreadControl] => worker is dead true
[2021-7-6 1:1:22] -PID=>2280- [INFO {2280] [MODULE::ThreadControl] => worker is dead true
[2021-7-6 1:1:22] -PID=>2280- [INFO {2280] [MODULE::ThreadControl] => worker is dead true
[2021-7-6 1:1:22] -PID=>2280- [INFO {2280] [MODULE::ThreadControl] => worker is dead true
[2021-7-6 1:1:36] -PID=>13608- [INFO {13608] [MODULE::__CONFIG] => was initialize
[2021-7-6 1:1:36] -PID=>13608- [INFO {13608] [MODULE::ThreadControl] => Master 13608 is running
[2021-7-6 1:1:36] -PID=>13608- [INFO {13608] [MODULE::ThreadControl] => worker is dead true
[2021-7-6 1:1:36] -PID=>13608- [INFO {13608] [MODULE::ThreadControl] => worker is dead true
[2021-7-6 1:1:36] -PID=>13608- [INFO {13608] [MODULE::ThreadControl] => worker is dead true
[2021-7-6 1:1:36] -PID=>13608- [INFO {13608] [MODULE::ThreadControl] => worker is dead true
[2021-7-6 1:2:7] -PID=>14288- [INFO {14288] [MODULE::__CONFIG] => was initialize
[2021-7-6 1:2:7] -PID=>14288- [INFO {14288] [MODULE::ThreadControl] => Master 14288 is running
[2021-7-6 1:2:7] -PID=>14288- [INFO {14288] [MODULE::ThreadControl] => worker is dead true
[2021-7-6 1:2:7] -PID=>14288- [INFO {14288] [MODULE::ThreadControl] => worker is dead true
[2021-7-6 1:2:7] -PID=>14288- [INFO {14288] [MODULE::ThreadControl] => worker is dead true
[2021-7-6 1:2:7] -PID=>14288- [INFO {14288] [MODULE::ThreadControl] => worker is dead true
[2021-7-6 1:2:27] -PID=>3508- [INFO {3508] [MODULE::__CONFIG] => was initialize
[2021-7-6 1:2:27] -PID=>3508- [INFO {3508] [MODULE::ThreadControl] => Master 3508 is running
[2021-7-6 1:2:28] -PID=>6112- [INFO {6112] [MODULE::__CONFIG] => was initialize
[2021-7-6 1:2:28] -PID=>6112- [INFO {6112] [MODULE::ThreadControl] => Worker 6112 started
[2021-7-6 1:2:27] -PID=>6104- [INFO {6104] [MODULE::__CONFIG] => was initialize
[2021-7-6 1:2:27] -PID=>6104- [INFO {6104] [MODULE::ThreadControl] => Worker 6104 started
[2021-7-6 1:2:28] -PID=>3732- [INFO {3732] [MODULE::__CONFIG] => was initialize
[2021-7-6 1:2:28] -PID=>3732- [INFO {3732] [MODULE::ThreadControl] => Worker 3732 started
[2021-7-6 1:2:27] -PID=>10100- [INFO {10100] [MODULE::__CONFIG] => was initialize
[2021-7-6 1:2:27] -PID=>10100- [INFO {10100] [MODULE::ThreadControl] => Worker 10100 started
[2021-7-6 1:3:34] -PID=>4088- [INFO {4088] [MODULE::__CONFIG] => was initialize
[2021-7-6 1:3:34] -PID=>4088- [INFO {4088] [MODULE::ThreadControl] => Master 4088 is running
[2021-7-6 1:3:34] -PID=>4000- [INFO {4000] [MODULE::__CONFIG] => was initialize
[2021-7-6 1:3:34] -PID=>4000- [INFO {4000] [MODULE::ThreadControl] => Worker 4000 started
[2021-7-6 1:3:34] -PID=>5512- [INFO {5512] [MODULE::__CONFIG] => was initialize
[2021-7-6 1:3:34] -PID=>5512- [INFO {5512] [MODULE::ThreadControl] => Worker 5512 started
[2021-7-6 1:3:34] -PID=>11080- [INFO {11080] [MODULE::__CONFIG] => was initialize
[2021-7-6 1:3:34] -PID=>11080- [INFO {11080] [MODULE::ThreadControl] => Worker 11080 started
[2021-7-6 1:3:34] -PID=>5272- [INFO {5272] [MODULE::__CONFIG] => was initialize
[2021-7-6 1:3:34] -PID=>5272- [INFO {5272] [MODULE::ThreadControl] => Worker 5272 started
[2021-7-6 1:4:26] -PID=>6576- [INFO {6576] [MODULE::__CONFIG] => was initialize
[2021-7-6 1:4:26] -PID=>6576- [INFO {6576] [MODULE::ThreadControl] => Master 6576 is running
[2021-7-6 1:4:26] -PID=>10508- [INFO {10508] [MODULE::__CONFIG] => was initialize
[2021-7-6 1:4:26] -PID=>10508- [INFO {10508] [MODULE::ThreadControl] => Worker 10508 started
[2021-7-6 1:4:26] -PID=>9108- [INFO {9108] [MODULE::__CONFIG] => was initialize
[2021-7-6 1:4:26] -PID=>9108- [INFO {9108] [MODULE::ThreadControl] => Worker 9108 started
[2021-7-6 1:4:26] -PID=>8552- [INFO {8552] [MODULE::__CONFIG] => was initialize
[2021-7-6 1:4:26] -PID=>8552- [INFO {8552] [MODULE::ThreadControl] => Worker 8552 started
[2021-7-6 1:4:26] -PID=>1512- [INFO {1512] [MODULE::__CONFIG] => was initialize
[2021-7-6 1:4:26] -PID=>1512- [INFO {1512] [MODULE::ThreadControl] => Worker 1512 started
[2021-7-6 1:4:38] -PID=>13004- [INFO {13004] [MODULE::__CONFIG] => was initialize
[2021-7-6 1:4:38] -PID=>13004- [INFO {13004] [MODULE::ThreadControl] => Master 13004 is running
[2021-7-6 1:4:38] -PID=>8308- [INFO {8308] [MODULE::__CONFIG] => was initialize
[2021-7-6 1:4:38] -PID=>8308- [INFO {8308] [MODULE::ThreadControl] => Worker 8308 started
[2021-7-6 1:4:38] -PID=>13904- [INFO {13904] [MODULE::__CONFIG] => was initialize
[2021-7-6 1:4:38] -PID=>13904- [INFO {13904] [MODULE::ThreadControl] => Worker 13904 started
[2021-7-6 1:4:38] -PID=>2280- [INFO {2280] [MODULE::__CONFIG] => was initialize
[2021-7-6 1:4:38] -PID=>2280- [INFO {2280] [MODULE::ThreadControl] => Worker 2280 started
[2021-7-6 1:4:38] -PID=>4900- [INFO {4900] [MODULE::__CONFIG] => was initialize
[2021-7-6 1:4:38] -PID=>4900- [INFO {4900] [MODULE::ThreadControl] => Worker 4900 started
[2021-7-6 1:4:54] -PID=>5660- [INFO {5660] [MODULE::__CONFIG] => was initialize
[2021-7-6 1:4:54] -PID=>5660- [INFO {5660] [MODULE::ThreadControl] => Master 5660 is running
[2021-7-6 1:4:54] -PID=>2708- [INFO {2708] [MODULE::__CONFIG] => was initialize
[2021-7-6 1:4:54] -PID=>2708- [INFO {2708] [MODULE::ThreadControl] => Worker 2708 started
[2021-7-6 1:4:54] -PID=>1348- [INFO {1348] [MODULE::__CONFIG] => was initialize
[2021-7-6 1:4:54] -PID=>1348- [INFO {1348] [MODULE::ThreadControl] => Worker 1348 started
[2021-7-6 1:4:54] -PID=>2004- [INFO {2004] [MODULE::__CONFIG] => was initialize
[2021-7-6 1:4:54] -PID=>2004- [INFO {2004] [MODULE::ThreadControl] => Worker 2004 started
[2021-7-6 1:4:54] -PID=>12948- [INFO {12948] [MODULE::__CONFIG] => was initialize
[2021-7-6 1:4:54] -PID=>12948- [INFO {12948] [MODULE::ThreadControl] => Worker 12948 started
[2021-7-6 1:5:6] -PID=>7940- [INFO {7940] [MODULE::__CONFIG] => was initialize
[2021-7-6 1:5:6] -PID=>7940- [INFO {7940] [MODULE::ThreadControl] => Master 7940 is running
[2021-7-6 1:5:6] -PID=>3520- [INFO {3520] [MODULE::__CONFIG] => was initialize
[2021-7-6 1:5:6] -PID=>3520- [INFO {3520] [MODULE::ThreadControl] => Worker 3520 started
[2021-7-6 1:5:6] -PID=>9480- [INFO {9480] [MODULE::__CONFIG] => was initialize
[2021-7-6 1:5:6] -PID=>9480- [INFO {9480] [MODULE::ThreadControl] => Worker 9480 started
[2021-7-6 1:5:6] -PID=>12872- [INFO {12872] [MODULE::__CONFIG] => was initialize
[2021-7-6 1:5:6] -PID=>12872- [INFO {12872] [MODULE::ThreadControl] => Worker 12872 started
[2021-7-6 1:5:6] -PID=>12224- [INFO {12224] [MODULE::__CONFIG] => was initialize
[2021-7-6 1:5:6] -PID=>12224- [INFO {12224] [MODULE::ThreadControl] => Worker 12224 started
[2021-7-6 1:5:25] -PID=>12004- [INFO {12004] [MODULE::__CONFIG] => was initialize
[2021-7-6 1:5:25] -PID=>12004- [INFO {12004] [MODULE::ThreadControl] => Master 12004 is running
[2021-7-6 1:5:25] -PID=>8376- [INFO {8376] [MODULE::__CONFIG] => was initialize
[2021-7-6 1:5:25] -PID=>8376- [INFO {8376] [MODULE::ThreadControl] => Worker 8376 started
[2021-7-6 1:5:25] -PID=>12052- [INFO {12052] [MODULE::__CONFIG] => was initialize
[2021-7-6 1:5:25] -PID=>12052- [INFO {12052] [MODULE::ThreadControl] => Worker 12052 started
[2021-7-6 1:5:25] -PID=>13748- [INFO {13748] [MODULE::__CONFIG] => was initialize
[2021-7-6 1:5:25] -PID=>13748- [INFO {13748] [MODULE::ThreadControl] => Worker 13748 started
[2021-7-6 1:5:25] -PID=>10340- [INFO {10340] [MODULE::__CONFIG] => was initialize
[2021-7-6 1:5:25] -PID=>10340- [INFO {10340] [MODULE::ThreadControl] => Worker 10340 started
[2021-7-6 1:5:29] -PID=>11212- [INFO {11212] [MODULE::__CONFIG] => was initialize
[2021-7-6 1:5:29] -PID=>11212- [INFO {11212] [MODULE::ThreadControl] => Master 11212 is running
[2021-7-6 1:5:29] -PID=>4636- [INFO {4636] [MODULE::__CONFIG] => was initialize
[2021-7-6 1:5:29] -PID=>4636- [INFO {4636] [MODULE::ThreadControl] => Worker 4636 started
[2021-7-6 1:5:29] -PID=>11840- [INFO {11840] [MODULE::__CONFIG] => was initialize
[2021-7-6 1:5:29] -PID=>11840- [INFO {11840] [MODULE::ThreadControl] => Worker 11840 started
[2021-7-6 1:5:29] -PID=>9432- [INFO {9432] [MODULE::__CONFIG] => was initialize
[2021-7-6 1:5:29] -PID=>9432- [INFO {9432] [MODULE::ThreadControl] => Worker 9432 started
[2021-7-6 1:5:29] -PID=>7080- [INFO {7080] [MODULE::__CONFIG] => was initialize
[2021-7-6 1:5:29] -PID=>7080- [INFO {7080] [MODULE::ThreadControl] => Worker 7080 started
[2021-7-6 1:5:47] -PID=>4844- [INFO {4844] [MODULE::__CONFIG] => was initialize
[2021-7-6 1:5:47] -PID=>4844- [INFO {4844] [MODULE::ThreadControl] => Master 4844 is running
[2021-7-6 1:5:47] -PID=>10444- [INFO {10444] [MODULE::__CONFIG] => was initialize
[2021-7-6 1:5:47] -PID=>10444- [INFO {10444] [MODULE::ThreadControl] => Worker 10444 started
[2021-7-6 1:5:47] -PID=>5004- [INFO {5004] [MODULE::__CONFIG] => was initialize
[2021-7-6 1:5:47] -PID=>5004- [INFO {5004] [MODULE::ThreadControl] => Worker 5004 started
[2021-7-6 1:5:47] -PID=>5132- [INFO {5132] [MODULE::__CONFIG] => was initialize
[2021-7-6 1:5:47] -PID=>5132- [INFO {5132] [MODULE::ThreadControl] => Worker 5132 started
[2021-7-6 1:5:47] -PID=>1444- [INFO {1444] [MODULE::__CONFIG] => was initialize
[2021-7-6 1:5:47] -PID=>1444- [INFO {1444] [MODULE::ThreadControl] => Worker 1444 started
